Log file open, 01/16/21 22:41:39
LogWindows: Failed to load 'aqProf.dll' (GetLastError=126)
LogWindows: File 'aqProf.dll' does not exist
LogWindows: Failed to load 'VtuneApi.dll' (GetLastError=126)
LogWindows: File 'VtuneApi.dll' does not exist
LogWindows: Failed to load 'VtuneApi32e.dll' (GetLastError=126)
LogWindows: File 'VtuneApi32e.dll' does not exist
LogConsoleResponse: Display: Failed to find resolution value strings in scalability ini. Falling back to default.
LogPakFile: Display: Found Pak file ../../../DontPanicV012/Content/Paks/DontPanicV012-WindowsNoEditor.pak attempting to mount.
LogPakFile: Display: Mounting pak file ../../../DontPanicV012/Content/Paks/DontPanicV012-WindowsNoEditor.pak.
LogPlatformFile: Not using cached read wrapper
LogTaskGraph: Started task graph with 5 named threads and 59 total threads with 3 sets of task threads.
LogStats: Stats thread started at 0.031941
LogD3D11RHI: Loaded GFSDK_Aftermath_Lib.x64.dll
LogICUInternationalization: ICU TimeZone Detection - Raw Offset: -8:00, Platform Override: ''
LogPluginManager: Mounting plugin HoudiniNiagara
LogPluginManager: Mounting plugin Niagara
LogPluginManager: Mounting plugin NiagaraExtras
LogPluginManager: Mounting plugin BlueprintMaterialTextureNodes
LogPluginManager: Mounting plugin EditorScriptingUtilities
LogPluginManager: Mounting plugin HAPMedia
LogPluginManager: Mounting plugin WmfMedia
LogPluginManager: Mounting plugin GeometryProcessing
LogPluginManager: Mounting plugin SampleToolsEditorMode
LogPluginManager: Mounting plugin WindowsDeviceProfileSelector
LogPluginManager: Mounting plugin VictoryBPLibrary
LogPluginManager: Mounting plugin ApexDestruction
LogPluginManager: Mounting plugin EasyMultiSave
LogPluginManager: Mounting plugin MediaFrameworkUtilities
LogPluginManager: Mounting plugin MediaIOFramework
LogPluginManager: Mounting plugin OpenCVLensDistortion
LogPluginManager: Mounting plugin MediaPlayerEditor
LogPluginManager: Mounting plugin Paper2D
LogPluginManager: Mounting plugin AnimationSharing
LogPluginManager: Mounting plugin SignificanceManager
LogPluginManager: Mounting plugin CurveEditorTools
LogPluginManager: Mounting plugin BackChannel
LogPluginManager: Mounting plugin PlatformCrypto
LogPluginManager: Mounting plugin AvfMedia
LogPluginManager: Mounting plugin ImgMedia
LogPluginManager: Mounting plugin TcpMessaging
LogPluginManager: Mounting plugin UdpMessaging
LogPluginManager: Mounting plugin ActorSequence
LogPluginManager: Mounting plugin NetcodeUnitTest
LogPluginManager: Mounting plugin OnlineSubsystemNull
LogPluginManager: Mounting plugin OnlineSubsystem
LogPluginManager: Mounting plugin OnlineSubsystemUtils
LogPluginManager: Mounting plugin EditableMesh
LogPluginManager: Mounting plugin WebMMoviePlayer
LogPluginManager: Mounting plugin WebMMedia
LogPluginManager: Mounting plugin WindowsMoviePlayer
LogInit: Using libcurl 7.55.1-DEV
LogInit:  - built for x86_64-pc-win32
LogInit:  - supports SSL with OpenSSL/1.1.1
LogInit:  - supports HTTP deflate (compression) using libz 1.2.8
LogInit:  - other features:
LogInit:      CURL_VERSION_SSL
LogInit:      CURL_VERSION_LIBZ
LogInit:      CURL_VERSION_IPV6
LogInit:      CURL_VERSION_ASYNCHDNS
LogInit:      CURL_VERSION_LARGEFILE
LogInit:      CURL_VERSION_IDN
LogInit:  CurlRequestOptions (configurable via config and command line):
LogInit:  - bVerifyPeer = true  - Libcurl will verify peer certificate
LogInit:  - bUseHttpProxy = false  - Libcurl will NOT use HTTP proxy
LogInit:  - bDontReuseConnections = false  - Libcurl will reuse connections
LogInit:  - MaxHostConnections = 16  - Libcurl will limit the number of connections to a host
LogInit:  - LocalHostAddr = Default
LogInit:  - BufferSize = 65536
LogOnline: OSS: Creating online subsystem instance for: NULL
LogInit: WinSock: version 1.1 (2.2), MaxSocks=32767, MaxUdp=65467
LogInit: Build: ++UE4+Release-4.23-CL-8386587
LogInit: Engine Version: 4.23.0-8386587+++UE4+Release-4.23
LogInit: Compatible Engine Version: 4.23.0-8386587+++UE4+Release-4.23
LogInit: Net CL: 8386587
LogInit: OS: Windows 10 (Release 1909) (), CPU: Intel(R) Core(TM) i9-7900X CPU @ 3.30GHz, GPU: NVIDIA GeForce GTX 1080 Ti
LogInit: Compiled (64-bit): Aug 31 2019 02:36:32
LogInit: Compiled with Visual C++: 19.16.27030.01
LogInit: Build Configuration: Development
LogInit: Branch Name: ++UE4+Release-4.23
LogInit: Command Line: 
LogInit: Base Directory: C:/Users/ch3zziepUfff/Desktop/DP_Builds/WindowsNoEditor/WindowsNoEditor/DontPanicV012/Binaries/Win64/
LogInit: Installed Engine Build: 0
LogDevObjectVersion: Number of dev versions registered: 23
LogDevObjectVersion:   Dev-Blueprints (B0D832E4-1F89-4F0D-ACCF-7EB736FD4AA2): 10
LogDevObjectVersion:   Dev-Build (E1C64328-A22C-4D53-A36C-8E866417BD8C): 0
LogDevObjectVersion:   Dev-Core (375EC13C-06E4-48FB-B500-84F0262A717E): 3
LogDevObjectVersion:   Dev-Editor (E4B068ED-F494-42E9-A231-DA0B2E46BB41): 34
LogDevObjectVersion:   Dev-Framework (CFFC743F-43B0-4480-9391-14DF171D2073): 35
LogDevObjectVersion:   Dev-Mobile (B02B49B5-BB20-44E9-A304-32B752E40360): 2
LogDevObjectVersion:   Dev-Networking (A4E4105C-59A1-49B5-A7C5-40C4547EDFEE): 0
LogDevObjectVersion:   Dev-Online (39C831C9-5AE6-47DC-9A44-9C173E1C8E7C): 0
LogDevObjectVersion:   Dev-Physics (78F01B33-EBEA-4F98-B9B4-84EACCB95AA2): 0
LogDevObjectVersion:   Dev-Platform (6631380F-2D4D-43E0-8009-CF276956A95A): 0
LogDevObjectVersion:   Dev-Rendering (12F88B9F-8875-4AFC-A67C-D90C383ABD29): 31
LogDevObjectVersion:   Dev-Sequencer (7B5AE74C-D270-4C10-A958-57980B212A5A): 11
LogDevObjectVersion:   Dev-VR (D7296918-1DD6-4BDD-9DE2-64A83CC13884): 2
LogDevObjectVersion:   Dev-LoadTimes (C2A15278-BFE7-4AFE-6C17-90FF531DF755): 1
LogDevObjectVersion:   Private-Geometry (6EACA3D4-40EC-4CC1-B786-8BED09428FC5): 3
LogDevObjectVersion:   Dev-AnimPhys (29E575DD-E0A3-4627-9D10-D276232CDCEA): 17
LogDevObjectVersion:   Dev-Anim (AF43A65D-7FD3-4947-9873-3E8ED9C1BB05): 2
LogDevObjectVersion:   Dev-ReflectionCapture (6B266CEC-1EC7-4B8F-A30B-E4D90942FC07): 1
LogDevObjectVersion:   Dev-Automation (0DF73D61-A23F-47EA-B727-89E90C41499A): 1
LogDevObjectVersion:   FortniteMain (601D1886-AC64-4F84-AA16-D3DE0DEAC7D6): 27
LogDevObjectVersion:   Dev-Enterprise (9DFFBCD6-494F-0158-E221-12823C92A888): 6
LogDevObjectVersion:   Dev-Niagara (F2AED0AC-9AFE-416F-8664-AA7FFA26D6FC): 1
LogDevObjectVersion:   Dev-Destruction (174F1F0B-B4C6-45A5-B13F-2EE8D0FB917D): 9
LogInit: Presizing for max 2097152 objects, including 1 objects not considered by GC, pre-allocating 0 bytes for permanent pool.
LogStreaming: Display: Async Loading initialized: Event Driven Loader: true, Async Loading Thread: false, Async Post Load: true
LogInit: Object subsystem initialized
LogConfig: Setting CVar [[con.DebugEarlyDefault:1]]
LogConfig: Setting CVar [[r.setres:1280x720]]
[2021.01.17-06.41.39:659][  0]LogConfig: Setting CVar [[con.DebugEarlyDefault:1]]
[2021.01.17-06.41.39:659][  0]LogConfig: Setting CVar [[r.setres:1280x720]]
[2021.01.17-06.41.39:659][  0]LogConfig: Applying CVar settings from Section [/Script/Engine.RendererSettings] File [../../../DontPanicV012/Saved/Config/WindowsNoEditor/Engine.ini]
[2021.01.17-06.41.39:659][  0]LogConfig: Setting CVar [[r.GPUCrashDebugging:0]]
[2021.01.17-06.41.39:659][  0]LogConfig: Setting CVar [[r.DefaultFeature.AutoExposure.ExtendDefaultLuminanceRange:1]]
[2021.01.17-06.41.39:659][  0]LogConfig: Setting CVar [[r.SupportMaterialLayers:1]]
[2021.01.17-06.41.39:659][  0]LogConfig: Setting CVar [[r.TextureStreaming:1]]
[2021.01.17-06.41.39:659][  0]LogConfig: Setting CVar [[r.SupportStationarySkylight:0]]
[2021.01.17-06.41.39:659][  0]LogConfig: Setting CVar [[r.SupportLowQualityLightmaps:0]]
[2021.01.17-06.41.39:659][  0]LogConfig: Setting CVar [[r.SupportPointLightWholeSceneShadows:0]]
[2021.01.17-06.41.39:659][  0]LogConfig: Setting CVar [[r.SupportAtmosphericFog:0]]
[2021.01.17-06.41.39:659][  0]LogConfig: Setting CVar [[r.Mobile.EnableStaticAndCSMShadowReceivers:0]]
[2021.01.17-06.41.39:659][  0]LogConfig: Setting CVar [[r.Mobile.AllowDistanceFieldShadows:0]]
[2021.01.17-06.41.39:659][  0]LogConfig: Setting CVar [[r.Mobile.AllowMovableDirectionalLights:0]]
[2021.01.17-06.41.39:659][  0]LogConfig: Setting CVar [[r.MobileDynamicPointLightsUseStaticBranch:0]]
[2021.01.17-06.41.39:659][  0]LogConfig: Applying CVar settings from Section [/Script/Engine.RendererOverrideSettings] File [../../../DontPanicV012/Saved/Config/WindowsNoEditor/Engine.ini]
[2021.01.17-06.41.39:659][  0]LogConfig: Applying CVar settings from Section [/Script/Engine.StreamingSettings] File [../../../DontPanicV012/Saved/Config/WindowsNoEditor/Engine.ini]
[2021.01.17-06.41.39:659][  0]LogConfig: Setting CVar [[s.MinBulkDataSizeForAsyncLoading:131072]]
[2021.01.17-06.41.39:659][  0]LogConfig: Setting CVar [[s.AsyncLoadingThreadEnabled:0]]
[2021.01.17-06.41.39:659][  0]LogConfig: Setting CVar [[s.EventDrivenLoaderEnabled:1]]
[2021.01.17-06.41.39:659][  0]LogConfig: Setting CVar [[s.WarnIfTimeLimitExceeded:0]]
[2021.01.17-06.41.39:659][  0]LogConfig: Setting CVar [[s.TimeLimitExceededMultiplier:1.5]]
[2021.01.17-06.41.39:659][  0]LogConfig: Setting CVar [[s.TimeLimitExceededMinTime:0.005]]
[2021.01.17-06.41.39:659][  0]LogConfig: Setting CVar [[s.UseBackgroundLevelStreaming:0]]
[2021.01.17-06.41.39:659][  0]LogConfig: Setting CVar [[s.PriorityAsyncLoadingExtraTime:15.0]]
[2021.01.17-06.41.39:659][  0]LogConfig: Setting CVar [[s.LevelStreamingActorsUpdateTimeLimit:5.0]]
[2021.01.17-06.41.39:659][  0]LogConfig: Setting CVar [[s.PriorityLevelStreamingActorsUpdateExtraTime:5.0]]
[2021.01.17-06.41.39:659][  0]LogConfig: Setting CVar [[s.LevelStreamingComponentsRegistrationGranularity:10]]
[2021.01.17-06.41.39:659][  0]LogConfig: Setting CVar [[s.UnregisterComponentsTimeLimit:1.0]]
[2021.01.17-06.41.39:659][  0]LogConfig: Setting CVar [[s.LevelStreamingComponentsUnregistrationGranularity:5]]
[2021.01.17-06.41.39:659][  0]LogConfig: Applying CVar settings from Section [/Script/Engine.GarbageCollectionSettings] File [../../../DontPanicV012/Saved/Config/WindowsNoEditor/Engine.ini]
[2021.01.17-06.41.39:659][  0]LogConfig: Setting CVar [[gc.MaxObjectsNotConsideredByGC:1]]
[2021.01.17-06.41.39:659][  0]LogConfig: Setting CVar [[gc.SizeOfPermanentObjectPool:0]]
[2021.01.17-06.41.39:659][  0]LogConfig: Setting CVar [[gc.FlushStreamingOnGC:0]]
[2021.01.17-06.41.39:659][  0]LogConfig: Setting CVar [[gc.NumRetriesBeforeForcingGC:10]]
[2021.01.17-06.41.39:659][  0]LogConfig: Setting CVar [[gc.AllowParallelGC:1]]
[2021.01.17-06.41.39:659][  0]LogConfig: Setting CVar [[gc.TimeBetweenPurgingPendingKillObjects:61.1]]
[2021.01.17-06.41.39:659][  0]LogConfig: Setting CVar [[gc.MaxObjectsInEditor:16777216]]
[2021.01.17-06.41.39:659][  0]LogConfig: Setting CVar [[gc.IncrementalBeginDestroyEnabled:1]]
[2021.01.17-06.41.39:659][  0]LogConfig: Setting CVar [[gc.CreateGCClusters:1]]
[2021.01.17-06.41.39:659][  0]LogConfig: Setting CVar [[gc.MinGCClusterSize:5]]
[2021.01.17-06.41.39:659][  0]LogConfig: Setting CVar [[gc.ActorClusteringEnabled:0]]
[2021.01.17-06.41.39:659][  0]LogConfig: Setting CVar [[gc.BlueprintClusteringEnabled:0]]
[2021.01.17-06.41.39:659][  0]LogConfig: Setting CVar [[gc.UseDisregardForGCOnDedicatedServers:0]]
[2021.01.17-06.41.39:659][  0]LogConfig: Applying CVar settings from Section [/Script/Engine.NetworkSettings] File [../../../DontPanicV012/Saved/Config/WindowsNoEditor/Engine.ini]
[2021.01.17-06.41.39:675][  0]LogConfig: Applying CVar settings from Section [ViewDistanceQuality@3] File [../../../DontPanicV012/Saved/Config/WindowsNoEditor/Scalability.ini]
[2021.01.17-06.41.39:675][  0]LogConfig: Setting CVar [[r.SkeletalMeshLODBias:0]]
[2021.01.17-06.41.39:675][  0]LogConfig: Setting CVar [[r.ViewDistanceScale:1.0]]
[2021.01.17-06.41.39:675][  0]LogConfig: Applying CVar settings from Section [AntiAliasingQuality@3] File [../../../DontPanicV012/Saved/Config/WindowsNoEditor/Scalability.ini]
[2021.01.17-06.41.39:675][  0]LogConfig: Setting CVar [[r.PostProcessAAQuality:4]]
[2021.01.17-06.41.39:675][  0]LogConfig: Applying CVar settings from Section [ShadowQuality@3] File [../../../DontPanicV012/Saved/Config/WindowsNoEditor/Scalability.ini]
[2021.01.17-06.41.39:675][  0]LogConfig: Setting CVar [[r.LightFunctionQuality:1]]
[2021.01.17-06.41.39:675][  0]LogConfig: Setting CVar [[r.ShadowQuality:5]]
[2021.01.17-06.41.39:675][  0]LogConfig: Setting CVar [[r.Shadow.CSM.MaxCascades:10]]
[2021.01.17-06.41.39:675][  0]LogConfig: Setting CVar [[r.Shadow.MaxResolution:2048]]
[2021.01.17-06.41.39:675][  0]LogConfig: Setting CVar [[r.Shadow.MaxCSMResolution:2048]]
[2021.01.17-06.41.39:675][  0]LogConfig: Setting CVar [[r.Shadow.RadiusThreshold:0.01]]
[2021.01.17-06.41.39:675][  0]LogConfig: Setting CVar [[r.Shadow.DistanceScale:1.0]]
[2021.01.17-06.41.39:675][  0]LogConfig: Setting CVar [[r.Shadow.CSM.TransitionScale:1.0]]
[2021.01.17-06.41.39:675][  0]LogConfig: Setting CVar [[r.Shadow.PreShadowResolutionFactor:1.0]]
[2021.01.17-06.41.39:675][  0]LogConfig: Setting CVar [[r.DistanceFieldShadowing:1]]
[2021.01.17-06.41.39:675][  0]LogConfig: Setting CVar [[r.DistanceFieldAO:1]]
[2021.01.17-06.41.39:675][  0]LogConfig: Setting CVar [[r.AOQuality:2]]
[2021.01.17-06.41.39:675][  0]LogConfig: Setting CVar [[r.VolumetricFog:1]]
[2021.01.17-06.41.39:675][  0]LogConfig: Setting CVar [[r.VolumetricFog.GridPixelSize:8]]
[2021.01.17-06.41.39:675][  0]LogConfig: Setting CVar [[r.VolumetricFog.GridSizeZ:128]]
[2021.01.17-06.41.39:675][  0]LogConfig: Setting CVar [[r.VolumetricFog.HistoryMissSupersampleCount:4]]
[2021.01.17-06.41.39:675][  0]LogConfig: Setting CVar [[r.LightMaxDrawDistanceScale:1]]
[2021.01.17-06.41.39:675][  0]LogConfig: Setting CVar [[r.CapsuleShadows:1]]
[2021.01.17-06.41.39:675][  0]LogConfig: Applying CVar settings from Section [PostProcessQuality@3] File [../../../DontPanicV012/Saved/Config/WindowsNoEditor/Scalability.ini]
[2021.01.17-06.41.39:675][  0]LogConfig: Setting CVar [[r.MotionBlurQuality:4]]
[2021.01.17-06.41.39:675][  0]LogConfig: Setting CVar [[r.AmbientOcclusionMipLevelFactor:0.4]]
[2021.01.17-06.41.39:675][  0]LogConfig: Setting CVar [[r.AmbientOcclusionMaxQuality:100]]
[2021.01.17-06.41.39:675][  0]LogConfig: Setting CVar [[r.AmbientOcclusionLevels:-1]]
[2021.01.17-06.41.39:675][  0]LogConfig: Setting CVar [[r.AmbientOcclusionRadiusScale:1.0]]
[2021.01.17-06.41.39:675][  0]LogConfig: Setting CVar [[r.DepthOfFieldQuality:2]]
[2021.01.17-06.41.39:675][  0]LogConfig: Setting CVar [[r.RenderTargetPoolMin:400]]
[2021.01.17-06.41.39:675][  0]LogConfig: Setting CVar [[r.LensFlareQuality:2]]
[2021.01.17-06.41.39:675][  0]LogConfig: Setting CVar [[r.SceneColorFringeQuality:1]]
[2021.01.17-06.41.39:675][  0]LogConfig: Setting CVar [[r.EyeAdaptationQuality:2]]
[2021.01.17-06.41.39:675][  0]LogConfig: Setting CVar [[r.BloomQuality:5]]
[2021.01.17-06.41.39:675][  0]LogConfig: Setting CVar [[r.FastBlurThreshold:100]]
[2021.01.17-06.41.39:675][  0]LogConfig: Setting CVar [[r.Upscale.Quality:3]]
[2021.01.17-06.41.39:675][  0]LogConfig: Setting CVar [[r.Tonemapper.GrainQuantization:1]]
[2021.01.17-06.41.39:675][  0]LogConfig: Setting CVar [[r.LightShaftQuality:1]]
[2021.01.17-06.41.39:675][  0]LogConfig: Setting CVar [[r.Filter.SizeScale:1]]
[2021.01.17-06.41.39:675][  0]LogConfig: Setting CVar [[r.Tonemapper.Quality:5]]
[2021.01.17-06.41.39:675][  0]LogConfig: Setting CVar [[r.DOF.Gather.AccumulatorQuality:1        ; higher gathering accumulator quality]]
[2021.01.17-06.41.39:675][  0]LogConfig: Setting CVar [[r.DOF.Gather.PostfilterMethod:1          ; Median3x3 postfilering method]]
[2021.01.17-06.41.39:675][  0]LogConfig: Setting CVar [[r.DOF.Gather.EnableBokehSettings:0       ; no bokeh simulation when gathering]]
[2021.01.17-06.41.39:675][  0]LogConfig: Setting CVar [[r.DOF.Gather.RingCount:4                 ; medium number of samples when gathering]]
[2021.01.17-06.41.39:675][  0]LogConfig: Setting CVar [[r.DOF.Scatter.ForegroundCompositing:1    ; additive foreground scattering]]
[2021.01.17-06.41.39:675][  0]LogConfig: Setting CVar [[r.DOF.Scatter.BackgroundCompositing:2    ; additive background scattering]]
[2021.01.17-06.41.39:675][  0]LogConfig: Setting CVar [[r.DOF.Scatter.EnableBokehSettings:1      ; bokeh simulation when scattering]]
[2021.01.17-06.41.39:675][  0]LogConfig: Setting CVar [[r.DOF.Scatter.MaxSpriteRatio:0.1         ; only a maximum of 10% of scattered bokeh]]
[2021.01.17-06.41.39:675][  0]LogConfig: Setting CVar [[r.DOF.Recombine.Quality:1                ; cheap slight out of focus]]
[2021.01.17-06.41.39:675][  0]LogConfig: Setting CVar [[r.DOF.Recombine.EnableBokehSettings:0    ; no bokeh simulation on slight out of focus]]
[2021.01.17-06.41.39:675][  0]LogConfig: Setting CVar [[r.DOF.TemporalAAQuality:1                ; more stable temporal accumulation]]
[2021.01.17-06.41.39:675][  0]LogConfig: Setting CVar [[r.DOF.Kernel.MaxForegroundRadius:0.025]]
[2021.01.17-06.41.39:675][  0]LogConfig: Setting CVar [[r.DOF.Kernel.MaxBackgroundRadius:0.025]]
[2021.01.17-06.41.39:675][  0]LogConfig: Applying CVar settings from Section [TextureQuality@3] File [../../../DontPanicV012/Saved/Config/WindowsNoEditor/Scalability.ini]
[2021.01.17-06.41.39:675][  0]LogConfig: Setting CVar [[r.Streaming.MipBias:0]]
[2021.01.17-06.41.39:675][  0]LogConfig: Setting CVar [[r.Streaming.AmortizeCPUToGPUCopy:0]]
[2021.01.17-06.41.39:675][  0]LogConfig: Setting CVar [[r.Streaming.MaxNumTexturesToStreamPerFrame:0]]
[2021.01.17-06.41.39:675][  0]LogConfig: Setting CVar [[r.Streaming.Boost:1]]
[2021.01.17-06.41.39:675][  0]LogConfig: Setting CVar [[r.MaxAnisotropy:8]]
[2021.01.17-06.41.39:675][  0]LogConfig: Setting CVar [[r.Streaming.LimitPoolSizeToVRAM:0]]
[2021.01.17-06.41.39:675][  0]LogConfig: Setting CVar [[r.Streaming.PoolSize:1000]]
[2021.01.17-06.41.39:675][  0]LogConfig: Setting CVar [[r.Streaming.MaxEffectiveScreenSize:0]]
[2021.01.17-06.41.39:675][  0]LogConfig: Applying CVar settings from Section [EffectsQuality@3] File [../../../DontPanicV012/Saved/Config/WindowsNoEditor/Scalability.ini]
[2021.01.17-06.41.39:675][  0]LogConfig: Setting CVar [[r.TranslucencyLightingVolumeDim:64]]
[2021.01.17-06.41.39:675][  0]LogConfig: Setting CVar [[r.RefractionQuality:2]]
[2021.01.17-06.41.39:675][  0]LogConfig: Setting CVar [[r.SSR.Quality:3]]
[2021.01.17-06.41.39:675][  0]LogConfig: Setting CVar [[r.SceneColorFormat:4]]
[2021.01.17-06.41.39:675][  0]LogConfig: Setting CVar [[r.DetailMode:2]]
[2021.01.17-06.41.39:675][  0]LogConfig: Setting CVar [[r.TranslucencyVolumeBlur:1]]
[2021.01.17-06.41.39:675][  0]LogConfig: Setting CVar [[r.MaterialQualityLevel:1 ; High quality]]
[2021.01.17-06.41.39:675][  0]LogConfig: Setting CVar [[r.SSS.Scale:1]]
[2021.01.17-06.41.39:675][  0]LogConfig: Setting CVar [[r.SSS.SampleSet:2]]
[2021.01.17-06.41.39:675][  0]LogConfig: Setting CVar [[r.SSS.Quality:1]]
[2021.01.17-06.41.39:675][  0]LogConfig: Setting CVar [[r.SSS.HalfRes:1]]
[2021.01.17-06.41.39:675][  0]LogConfig: Setting CVar [[r.EmitterSpawnRateScale:1.0]]
[2021.01.17-06.41.39:675][  0]LogConfig: Setting CVar [[r.ParticleLightQuality:2]]
[2021.01.17-06.41.39:675][  0]LogConfig: Setting CVar [[r.DetailLevel:3]]
[2021.01.17-06.41.39:675][  0]LogConfig: Applying CVar settings from Section [FoliageQuality@3] File [../../../DontPanicV012/Saved/Config/WindowsNoEditor/Scalability.ini]
[2021.01.17-06.41.39:675][  0]LogConfig: Setting CVar [[foliage.DensityScale:1.0]]
[2021.01.17-06.41.39:675][  0]LogConfig: Setting CVar [[grass.DensityScale:1.0]]
[2021.01.17-06.41.39:675][  0]LogModuleManager: Warning: ModuleManager: Module 'ExampleDeviceProfileSelector' not found - its StaticallyLinkedModuleInitializers function is null.
[2021.01.17-06.41.39:675][  0]LogInit: Applying CVar settings loaded from the selected device profile: [WindowsNoEditor]
[2021.01.17-06.41.39:675][  0]LogHAL: Display: Platform has ~ 64 GB [68393082880 / 68719476736 / 64], which maps to Largest [LargestMinGB=32, LargerMinGB=12, DefaultMinGB=8, SmallerMinGB=6, SmallestMinGB=0)
[2021.01.17-06.41.39:675][  0]LogInit: Going up to parent DeviceProfile [Windows]
[2021.01.17-06.41.39:675][  0]LogInit: Going up to parent DeviceProfile []
[2021.01.17-06.41.39:675][  0]LogConfig: Applying CVar settings from Section [ViewDistanceQuality@3] File [../../../DontPanicV012/Saved/Config/WindowsNoEditor/Scalability.ini]
[2021.01.17-06.41.39:675][  0]LogConfig: Setting CVar [[r.SkeletalMeshLODBias:0]]
[2021.01.17-06.41.39:675][  0]LogConfig: Setting CVar [[r.ViewDistanceScale:1.0]]
[2021.01.17-06.41.39:675][  0]LogConfig: Applying CVar settings from Section [AntiAliasingQuality@3] File [../../../DontPanicV012/Saved/Config/WindowsNoEditor/Scalability.ini]
[2021.01.17-06.41.39:675][  0]LogConfig: Setting CVar [[r.PostProcessAAQuality:4]]
[2021.01.17-06.41.39:675][  0]LogConfig: Applying CVar settings from Section [ShadowQuality@3] File [../../../DontPanicV012/Saved/Config/WindowsNoEditor/Scalability.ini]
[2021.01.17-06.41.39:675][  0]LogConfig: Setting CVar [[r.LightFunctionQuality:1]]
[2021.01.17-06.41.39:675][  0]LogConfig: Setting CVar [[r.ShadowQuality:5]]
[2021.01.17-06.41.39:675][  0]LogConfig: Setting CVar [[r.Shadow.CSM.MaxCascades:10]]
[2021.01.17-06.41.39:675][  0]LogConfig: Setting CVar [[r.Shadow.MaxResolution:2048]]
[2021.01.17-06.41.39:675][  0]LogConfig: Setting CVar [[r.Shadow.MaxCSMResolution:2048]]
[2021.01.17-06.41.39:675][  0]LogConfig: Setting CVar [[r.Shadow.RadiusThreshold:0.01]]
[2021.01.17-06.41.39:675][  0]LogConfig: Setting CVar [[r.Shadow.DistanceScale:1.0]]
[2021.01.17-06.41.39:675][  0]LogConfig: Setting CVar [[r.Shadow.CSM.TransitionScale:1.0]]
[2021.01.17-06.41.39:675][  0]LogConfig: Setting CVar [[r.Shadow.PreShadowResolutionFactor:1.0]]
[2021.01.17-06.41.39:675][  0]LogConfig: Setting CVar [[r.DistanceFieldShadowing:1]]
[2021.01.17-06.41.39:675][  0]LogConfig: Setting CVar [[r.DistanceFieldAO:1]]
[2021.01.17-06.41.39:675][  0]LogConfig: Setting CVar [[r.AOQuality:2]]
[2021.01.17-06.41.39:675][  0]LogConfig: Setting CVar [[r.VolumetricFog:1]]
[2021.01.17-06.41.39:675][  0]LogConfig: Setting CVar [[r.VolumetricFog.GridPixelSize:8]]
[2021.01.17-06.41.39:675][  0]LogConfig: Setting CVar [[r.VolumetricFog.GridSizeZ:128]]
[2021.01.17-06.41.39:675][  0]LogConfig: Setting CVar [[r.VolumetricFog.HistoryMissSupersampleCount:4]]
[2021.01.17-06.41.39:675][  0]LogConfig: Setting CVar [[r.LightMaxDrawDistanceScale:1]]
[2021.01.17-06.41.39:675][  0]LogConfig: Setting CVar [[r.CapsuleShadows:1]]
[2021.01.17-06.41.39:675][  0]LogConfig: Applying CVar settings from Section [PostProcessQuality@3] File [../../../DontPanicV012/Saved/Config/WindowsNoEditor/Scalability.ini]
[2021.01.17-06.41.39:675][  0]LogConfig: Setting CVar [[r.MotionBlurQuality:4]]
[2021.01.17-06.41.39:675][  0]LogConfig: Setting CVar [[r.AmbientOcclusionMipLevelFactor:0.4]]
[2021.01.17-06.41.39:675][  0]LogConfig: Setting CVar [[r.AmbientOcclusionMaxQuality:100]]
[2021.01.17-06.41.39:675][  0]LogConfig: Setting CVar [[r.AmbientOcclusionLevels:-1]]
[2021.01.17-06.41.39:675][  0]LogConfig: Setting CVar [[r.AmbientOcclusionRadiusScale:1.0]]
[2021.01.17-06.41.39:675][  0]LogConfig: Setting CVar [[r.DepthOfFieldQuality:2]]
[2021.01.17-06.41.39:675][  0]LogConfig: Setting CVar [[r.RenderTargetPoolMin:400]]
[2021.01.17-06.41.39:675][  0]LogConfig: Setting CVar [[r.LensFlareQuality:2]]
[2021.01.17-06.41.39:675][  0]LogConfig: Setting CVar [[r.SceneColorFringeQuality:1]]
[2021.01.17-06.41.39:675][  0]LogConfig: Setting CVar [[r.EyeAdaptationQuality:2]]
[2021.01.17-06.41.39:675][  0]LogConfig: Setting CVar [[r.BloomQuality:5]]
[2021.01.17-06.41.39:675][  0]LogConfig: Setting CVar [[r.FastBlurThreshold:100]]
[2021.01.17-06.41.39:675][  0]LogConfig: Setting CVar [[r.Upscale.Quality:3]]
[2021.01.17-06.41.39:675][  0]LogConfig: Setting CVar [[r.Tonemapper.GrainQuantization:1]]
[2021.01.17-06.41.39:675][  0]LogConfig: Setting CVar [[r.LightShaftQuality:1]]
[2021.01.17-06.41.39:675][  0]LogConfig: Setting CVar [[r.Filter.SizeScale:1]]
[2021.01.17-06.41.39:675][  0]LogConfig: Setting CVar [[r.Tonemapper.Quality:5]]
[2021.01.17-06.41.39:675][  0]LogConfig: Setting CVar [[r.DOF.Gather.AccumulatorQuality:1        ; higher gathering accumulator quality]]
[2021.01.17-06.41.39:675][  0]LogConfig: Setting CVar [[r.DOF.Gather.PostfilterMethod:1          ; Median3x3 postfilering method]]
[2021.01.17-06.41.39:675][  0]LogConfig: Setting CVar [[r.DOF.Gather.EnableBokehSettings:0       ; no bokeh simulation when gathering]]
[2021.01.17-06.41.39:675][  0]LogConfig: Setting CVar [[r.DOF.Gather.RingCount:4                 ; medium number of samples when gathering]]
[2021.01.17-06.41.39:675][  0]LogConfig: Setting CVar [[r.DOF.Scatter.ForegroundCompositing:1    ; additive foreground scattering]]
[2021.01.17-06.41.39:675][  0]LogConfig: Setting CVar [[r.DOF.Scatter.BackgroundCompositing:2    ; additive background scattering]]
[2021.01.17-06.41.39:675][  0]LogConfig: Setting CVar [[r.DOF.Scatter.EnableBokehSettings:1      ; bokeh simulation when scattering]]
[2021.01.17-06.41.39:675][  0]LogConfig: Setting CVar [[r.DOF.Scatter.MaxSpriteRatio:0.1         ; only a maximum of 10% of scattered bokeh]]
[2021.01.17-06.41.39:675][  0]LogConfig: Setting CVar [[r.DOF.Recombine.Quality:1                ; cheap slight out of focus]]
[2021.01.17-06.41.39:675][  0]LogConfig: Setting CVar [[r.DOF.Recombine.EnableBokehSettings:0    ; no bokeh simulation on slight out of focus]]
[2021.01.17-06.41.39:675][  0]LogConfig: Setting CVar [[r.DOF.TemporalAAQuality:1                ; more stable temporal accumulation]]
[2021.01.17-06.41.39:675][  0]LogConfig: Setting CVar [[r.DOF.Kernel.MaxForegroundRadius:0.025]]
[2021.01.17-06.41.39:675][  0]LogConfig: Setting CVar [[r.DOF.Kernel.MaxBackgroundRadius:0.025]]
[2021.01.17-06.41.39:675][  0]LogConfig: Applying CVar settings from Section [TextureQuality@3] File [../../../DontPanicV012/Saved/Config/WindowsNoEditor/Scalability.ini]
[2021.01.17-06.41.39:675][  0]LogConfig: Setting CVar [[r.Streaming.MipBias:0]]
[2021.01.17-06.41.39:675][  0]LogConfig: Setting CVar [[r.Streaming.AmortizeCPUToGPUCopy:0]]
[2021.01.17-06.41.39:675][  0]LogConfig: Setting CVar [[r.Streaming.MaxNumTexturesToStreamPerFrame:0]]
[2021.01.17-06.41.39:675][  0]LogConfig: Setting CVar [[r.Streaming.Boost:1]]
[2021.01.17-06.41.39:675][  0]LogConfig: Setting CVar [[r.MaxAnisotropy:8]]
[2021.01.17-06.41.39:675][  0]LogConfig: Setting CVar [[r.Streaming.LimitPoolSizeToVRAM:0]]
[2021.01.17-06.41.39:675][  0]LogConfig: Setting CVar [[r.Streaming.PoolSize:1000]]
[2021.01.17-06.41.39:675][  0]LogConfig: Setting CVar [[r.Streaming.MaxEffectiveScreenSize:0]]
[2021.01.17-06.41.39:675][  0]LogConfig: Applying CVar settings from Section [EffectsQuality@3] File [../../../DontPanicV012/Saved/Config/WindowsNoEditor/Scalability.ini]
[2021.01.17-06.41.39:675][  0]LogConfig: Setting CVar [[r.TranslucencyLightingVolumeDim:64]]
[2021.01.17-06.41.39:675][  0]LogConfig: Setting CVar [[r.RefractionQuality:2]]
[2021.01.17-06.41.39:675][  0]LogConfig: Setting CVar [[r.SSR.Quality:3]]
[2021.01.17-06.41.39:675][  0]LogConfig: Setting CVar [[r.SceneColorFormat:4]]
[2021.01.17-06.41.39:675][  0]LogConfig: Setting CVar [[r.DetailMode:2]]
[2021.01.17-06.41.39:675][  0]LogConfig: Setting CVar [[r.TranslucencyVolumeBlur:1]]
[2021.01.17-06.41.39:675][  0]LogConfig: Setting CVar [[r.MaterialQualityLevel:1 ; High quality]]
[2021.01.17-06.41.39:675][  0]LogConfig: Setting CVar [[r.SSS.Scale:1]]
[2021.01.17-06.41.39:675][  0]LogConfig: Setting CVar [[r.SSS.SampleSet:2]]
[2021.01.17-06.41.39:675][  0]LogConfig: Setting CVar [[r.SSS.Quality:1]]
[2021.01.17-06.41.39:675][  0]LogConfig: Setting CVar [[r.SSS.HalfRes:1]]
[2021.01.17-06.41.39:675][  0]LogConfig: Setting CVar [[r.EmitterSpawnRateScale:1.0]]
[2021.01.17-06.41.39:675][  0]LogConfig: Setting CVar [[r.ParticleLightQuality:2]]
[2021.01.17-06.41.39:675][  0]LogConfig: Setting CVar [[r.DetailLevel:3]]
[2021.01.17-06.41.39:675][  0]LogConfig: Applying CVar settings from Section [FoliageQuality@3] File [../../../DontPanicV012/Saved/Config/WindowsNoEditor/Scalability.ini]
[2021.01.17-06.41.39:675][  0]LogConfig: Setting CVar [[foliage.DensityScale:1.0]]
[2021.01.17-06.41.39:675][  0]LogConfig: Setting CVar [[grass.DensityScale:1.0]]
[2021.01.17-06.41.39:675][  0]LogConfig: Applying CVar settings from Section [Startup] File [../../../Engine/Config/ConsoleVariables.ini]
[2021.01.17-06.41.39:675][  0]LogConfig: Setting CVar [[net.UseAdaptiveNetUpdateFrequency:0]]
[2021.01.17-06.41.39:675][  0]LogConfig: Setting CVar [[p.chaos.AllowCreatePhysxBodies:1]]
[2021.01.17-06.41.39:675][  0]LogConfig: Setting CVar [[fx.SkipVectorVMBackendOptimizations:1]]
[2021.01.17-06.41.39:675][  0]LogConfig: Applying CVar settings from Section [ConsoleVariables] File [../../../DontPanicV012/Saved/Config/WindowsNoEditor/Engine.ini]
[2021.01.17-06.41.39:680][  0]LogInit: Computer: DESKTOP-8BN39RI
[2021.01.17-06.41.39:680][  0]LogInit: User: ch3zziepUfff
[2021.01.17-06.41.39:680][  0]LogInit: CPU Page size=4096, Cores=10
[2021.01.17-06.41.39:680][  0]LogInit: High frequency timer resolution =10.000000 MHz
[2021.01.17-06.41.39:680][  0]LogMemory: Memory total: Physical=63.7GB (64GB approx)
[2021.01.17-06.41.39:680][  0]LogMemory: Platform Memory Stats for WindowsNoEditor
[2021.01.17-06.41.39:680][  0]LogMemory: Process Physical Memory: 60.07 MB used, 60.07 MB peak
[2021.01.17-06.41.39:680][  0]LogMemory: Process Virtual Memory: 77.90 MB used, 77.90 MB peak
[2021.01.17-06.41.39:680][  0]LogMemory: Physical Memory: 3025.16 MB used,  62199.56 MB free, 65224.73 MB total
[2021.01.17-06.41.39:680][  0]LogMemory: Virtual Memory: 4507.16 MB used,  134213224.00 MB free, 134217728.00 MB total
[2021.01.17-06.41.39:683][  0]LogWindows: WindowsPlatformFeatures enabled
[2021.01.17-06.41.39:707][  0]LogInit: Using OS detected language (en-US).
[2021.01.17-06.41.39:707][  0]LogInit: Using OS detected locale (en-US).
[2021.01.17-06.41.39:707][  0]LogTextLocalizationManager: No specific localization for 'en-US' exists, so the 'en' localization will be used.
[2021.01.17-06.41.39:735][  0]LogSlate: New Slate User Created.  User Index 0, Is Virtual User: 0
[2021.01.17-06.41.39:735][  0]LogSlate: Slate User Registered.  User Index 0, Is Virtual User: 0
[2021.01.17-06.41.39:751][  0]LogD3D11RHI: D3D11 adapters:
[2021.01.17-06.41.39:794][  0]LogD3D11RHI:    0. 'NVIDIA GeForce GTX 1080 Ti' (Feature Level 11_0)
[2021.01.17-06.41.39:794][  0]LogD3D11RHI:       11127/0/32612 MB DedicatedVideo/DedicatedSystem/SharedSystem, Outputs:3, VendorId:0x10de
[2021.01.17-06.41.39:796][  0]LogD3D11RHI:    1. 'Microsoft Basic Render Driver' (Feature Level 11_0)
[2021.01.17-06.41.39:796][  0]LogD3D11RHI:       0/0/32612 MB DedicatedVideo/DedicatedSystem/SharedSystem, Outputs:0, VendorId:0x1414
[2021.01.17-06.41.39:796][  0]LogD3D11RHI: Chosen D3D11 Adapter: 0
[2021.01.17-06.41.39:801][  0]LogD3D11RHI: Creating new Direct3DDevice
[2021.01.17-06.41.39:801][  0]LogD3D11RHI:     GPU DeviceId: 0x1b06 (for the marketing name, search the web for "GPU Device Id")
[2021.01.17-06.41.39:801][  0]LogWindows: EnumDisplayDevices:
[2021.01.17-06.41.39:801][  0]LogWindows:    0. 'NVIDIA GeForce GTX 1080 Ti' (P:1 D:1)
[2021.01.17-06.41.39:801][  0]LogWindows:    1. 'NVIDIA GeForce GTX 1080 Ti' (P:0 D:1)
[2021.01.17-06.41.39:801][  0]LogWindows:    2. 'NVIDIA GeForce GTX 1080 Ti' (P:0 D:1)
[2021.01.17-06.41.39:802][  0]LogWindows:    3. 'NVIDIA GeForce GTX 1080 Ti' (P:0 D:0)
[2021.01.17-06.41.39:802][  0]LogWindows: DebugString: FoundDriverCount:4 
[2021.01.17-06.41.39:802][  0]LogD3D11RHI:     Adapter Name: NVIDIA GeForce GTX 1080 Ti
[2021.01.17-06.41.39:802][  0]LogD3D11RHI:   Driver Version: 457.30 (internal:27.21.14.5730, unified:457.30)
[2021.01.17-06.41.39:802][  0]LogD3D11RHI:      Driver Date: 11-6-2020
[2021.01.17-06.41.39:802][  0]LogRHI: Texture pool is 7788 MB (70% of 11127 MB)
[2021.01.17-06.41.39:833][  0]LogD3D11RHI: Async texture creation enabled
[2021.01.17-06.41.39:844][  0]LogD3D11RHI: GPU Timing Frequency: 1000.000000 (Debug: 2 1)
[2021.01.17-06.41.39:859][  0]LogMaterial: Verifying Global Shaders for PCD3D_SM5
[2021.01.17-06.41.39:861][  0]LogSlate: Using FreeType 2.6.0
[2021.01.17-06.41.39:862][  0]LogSlate: SlateFontServices - WITH_FREETYPE: 1, WITH_HARFBUZZ: 1
[2021.01.17-06.41.39:906][  0]LogInit: Using OS detected language (en-US).
[2021.01.17-06.41.39:906][  0]LogInit: Using OS detected locale (en-US).
[2021.01.17-06.41.39:906][  0]LogTextLocalizationManager: No localization for 'en-US' exists, so 'en' will be used for the language.
[2021.01.17-06.41.39:906][  0]LogTextLocalizationManager: No localization for 'en-US' exists, so 'en' will be used for the locale.
[2021.01.17-06.41.39:906][  0]LogSlate: FontCache flush requested. Reason: Culture for localization was changed
[2021.01.17-06.41.39:906][  0]LogSlate: FontCache flush requested. Reason: Culture for localization was changed
[2021.01.17-06.41.39:907][  0]LogTextLocalizationManager: Compacting localization data took   0.45ms
[2021.01.17-06.41.39:909][  0]LogAssetRegistry: FAssetRegistry took 0.0019 seconds to start up
[2021.01.17-06.41.39:983][  0]LogStreaming: Display: Flushing async loaders.
[2021.01.17-06.41.39:983][  0]LogPackageLocalizationCache: Processed 12 localized package path(s) for 1 prioritized culture(s) in 0.000048 seconds
[2021.01.17-06.41.39:983][  0]LogPakFile: New pak file ../../../DontPanicV012/Content/Paks/DontPanicV012-WindowsNoEditor.pak added to pak precacher.
[2021.01.17-06.41.39:985][  0]LogModuleManager: Warning: ModuleManager: Module 'ExampleDeviceProfileSelector' not found - its StaticallyLinkedModuleInitializers function is null.
[2021.01.17-06.41.39:993][  0]LogNetVersion: DontPanicV012 1.0.0, NetCL: 8386587, EngineNetVer: 11, GameNetVer: 0 (Checksum: 1310470472)
[2021.01.17-06.41.40:060][  0]LogMoviePlayer: Initializing movie player
[2021.01.17-06.41.40:076][  0]LogUObjectArray: 40747 objects as part of root set at end of initial load.
[2021.01.17-06.41.40:076][  0]LogUObjectArray: 2 objects are not in the root set, but can never be destroyed because they are in the DisregardForGC set.
[2021.01.17-06.41.40:076][  0]LogUObjectAllocator: 6079208 out of 0 bytes used by permanent object pool.
[2021.01.17-06.41.40:076][  0]LogUObjectArray: CloseDisregardForGC: 40747/40747 objects in disregard for GC pool
[2021.01.17-06.41.40:077][  0]LogEngine: Initializing Engine...
[2021.01.17-06.41.40:078][  0]LogStats: UGameplayTagsManager::InitializeManager -  0.000 s
[2021.01.17-06.41.40:153][  0]LogInit: Initializing FReadOnlyCVARCache
[2021.01.17-06.41.40:165][  0]LogAudioDebug: Display: Lib vorbis DLL was dynamically loaded.
[2021.01.17-06.41.40:207][  0]LogInit: XAudio2 using 'Digital Audio (S/PDIF) (High Definition Audio Device)' : 2 channels at 48 kHz using 16 bits per sample (channel mask 0x3)
[2021.01.17-06.41.40:254][  0]LogInit: FAudioDevice initialized.
[2021.01.17-06.41.40:256][  0]LogNetVersion: Set ProjectVersion to 1.0.0.0. Version Checksum will be recalculated on next use.
[2021.01.17-06.41.40:256][  0]LogInit: Texture streaming: Enabled
[2021.01.17-06.41.40:350][  0]LogSlate: Updating window title bar state: overlay mode, drag disabled, window buttons hidden, title bar hidden
[2021.01.17-06.41.40:354][  0]LogInit: Display: Game Engine Initialized.
[2021.01.17-06.41.40:357][  0]LogInit: Display: Starting Game.
[2021.01.17-06.41.40:358][  0]LogNet: Browse: /Game/InitLevel?Name=Player
[2021.01.17-06.41.40:358][  0]LogLoad: LoadMap: /Game/InitLevel?Name=Player
[2021.01.17-06.41.40:359][  0]LogWorld: BeginTearingDown for /Temp/Untitled_0
[2021.01.17-06.41.40:365][  0]LogWorld: UWorld::CleanupWorld for Untitled, bSessionEnded=true, bCleanupResources=true
[2021.01.17-06.41.40:388][  0]LogUObjectHash: Compacting FUObjectHashTables data took   1.78ms
[2021.01.17-06.41.40:408][  0]LogAIModule: Creating AISystem for world InitLevel
[2021.01.17-06.41.40:409][  0]LogLoad: Game class is 'HypnoToadMode_C'
[2021.01.17-06.41.40:418][  0]LogWorld: Bringing World /Game/InitLevel.InitLevel up for play (max tick rate 0) at 2021.01.16-22.41.40
[2021.01.17-06.41.40:420][  0]LogWorld: Bringing up level for play took: 0.008872
[2021.01.17-06.41.40:423][  0]LogGameMode: FindPlayerStart: PATHS NOT DEFINED or NO PLAYERSTART with positive rating
[2021.01.17-06.41.40:434][  0]LogUMG: Display: Widget Class Screen_0_1_HorizontalRight_C - Loaded Fast Template.
[2021.01.17-06.41.40:448][  0]LogBlueprintUserMessages: [OutputSettingsPrimaryButtons] 0x0
[2021.01.17-06.41.40:449][  0]LogBlueprintUserMessages: [Screen_0_1_HorizontalRight_C_2147482557] 0x0
[2021.01.17-06.41.40:449][  0]LogBlueprintUserMessages: [OutputSettingsPrimaryButtons] 0x336
[2021.01.17-06.41.40:449][  0]LogBlueprintUserMessages: [Screen_0_1_HorizontalRight_C_2147482557] 0x336
[2021.01.17-06.41.40:450][  0]LogBlueprintUserMessages: [OutputSettingsPrimaryButtons] 336x336
[2021.01.17-06.41.40:450][  0]LogBlueprintUserMessages: [Screen_0_1_HorizontalRight_C_2147482557] 336x336
[2021.01.17-06.41.40:450][  0]LogBlueprintUserMessages: [HeaderBarMenu] Building HeaderTabs
[2021.01.17-06.41.40:450][  0]LogUMG: Display: Widget Class MainHeaderButton__C - Loaded Fast Template.
[2021.01.17-06.41.40:451][  0]LogBlueprintUserMessages: [HeaderBarMenu] 0
[2021.01.17-06.41.40:452][  0]LogBlueprintUserMessages: [HeaderBarMenu] 1
[2021.01.17-06.41.40:452][  0]LogBlueprintUserMessages: [HeaderBarMenu] 2
[2021.01.17-06.41.40:452][  0]LogBlueprintUserMessages: [HeaderBarMenu] 3
[2021.01.17-06.41.40:452][  0]LogBlueprintUserMessages: [HeaderBarMenu] 4
[2021.01.17-06.41.40:452][  0]LogBlueprintUserMessages: [HeaderBarMenu] 5
[2021.01.17-06.41.40:452][  0]LogBlueprintUserMessages: [HeaderBarMenu] 6
[2021.01.17-06.41.40:453][  0]LogBlueprintUserMessages: [HapLibrarian_2] Hello
[2021.01.17-06.41.40:454][  0]LogBlueprintUserMessages: [HapLibrarian_2] file://C:/Users/ch3zziepUfff/Desktop/DP_Builds/WindowsNoEditor/WindowsNoEditor/DontPanicV012/Content/Movies/Media/HapLib/13- fan room.mov
[2021.01.17-06.41.40:459][  0]LogBlueprintUserMessages: [HapLibrarian_2] Hello
[2021.01.17-06.41.40:459][  0]LogBlueprintUserMessages: [HapLibrarian_2] file://C:/Users/ch3zziepUfff/Desktop/DP_Builds/WindowsNoEditor/WindowsNoEditor/DontPanicV012/Content/Movies/Media/HapLib/13- fan room.mov
[2021.01.17-06.41.40:464][  0]LogBlueprintUserMessages: [HapLibrarian_2] Hello
[2021.01.17-06.41.40:464][  0]LogBlueprintUserMessages: [HapLibrarian_2] file://C:/Users/ch3zziepUfff/Desktop/DP_Builds/WindowsNoEditor/WindowsNoEditor/DontPanicV012/Content/Movies/Media/HapLib/13- fan room.mov
[2021.01.17-06.41.40:466][  0]LogBlueprintUserMessages: [HapLibrarian_2] Hello
[2021.01.17-06.41.40:466][  0]LogBlueprintUserMessages: [HapLibrarian_2] file://C:/Users/ch3zziepUfff/Desktop/DP_Builds/WindowsNoEditor/WindowsNoEditor/DontPanicV012/Content/Movies/Media/HapLib/13- fan room.mov
[2021.01.17-06.41.40:467][  0]LogBlueprintUserMessages: [HapLibrarian_2] Hello
[2021.01.17-06.41.40:468][  0]LogBlueprintUserMessages: [HapLibrarian_2] file://C:/Users/ch3zziepUfff/Desktop/DP_Builds/WindowsNoEditor/WindowsNoEditor/DontPanicV012/Content/Movies/Media/HapLib/13- fan room.mov
[2021.01.17-06.41.40:468][  0]LogBlueprintUserMessages: [HapLibrarian_2] Hello
[2021.01.17-06.41.40:469][  0]LogBlueprintUserMessages: [HapLibrarian_2] file://C:/Users/ch3zziepUfff/Desktop/DP_Builds/WindowsNoEditor/WindowsNoEditor/DontPanicV012/Content/Movies/Media/HapLib/13- fan room.mov
[2021.01.17-06.41.40:469][  0]LogBlueprintUserMessages: [HapLibrarian_2] Hello
[2021.01.17-06.41.40:470][  0]LogBlueprintUserMessages: [HapLibrarian_2] file://C:/Users/ch3zziepUfff/Desktop/DP_Builds/WindowsNoEditor/WindowsNoEditor/DontPanicV012/Content/Movies/Media/HapLib/13- fan room.mov
[2021.01.17-06.41.40:470][  0]LogBlueprintUserMessages: [HapLibrarian_2] Hello
[2021.01.17-06.41.40:471][  0]LogBlueprintUserMessages: [HapLibrarian_2] file://C:/Users/ch3zziepUfff/Desktop/DP_Builds/WindowsNoEditor/WindowsNoEditor/DontPanicV012/Content/Movies/Media/HapLib/13- fan room.mov
[2021.01.17-06.41.40:471][  0]LogBlueprintUserMessages: [HapLibrarian_2] Hello
[2021.01.17-06.41.40:471][  0]LogBlueprintUserMessages: [HapLibrarian_2] file://C:/Users/ch3zziepUfff/Desktop/DP_Builds/WindowsNoEditor/WindowsNoEditor/DontPanicV012/Content/Movies/Media/HapLib/13- fan room.mov
[2021.01.17-06.41.40:472][  0]LogBlueprintUserMessages: [HapLibrarian_2] Hello
[2021.01.17-06.41.40:472][  0]LogBlueprintUserMessages: [HapLibrarian_2] file://C:/Users/ch3zziepUfff/Desktop/DP_Builds/WindowsNoEditor/WindowsNoEditor/DontPanicV012/Content/Movies/Media/HapLib/13- fan room.mov
[2021.01.17-06.41.40:473][  0]LogBlueprintUserMessages: [HapLibrarian_2] Hello
[2021.01.17-06.41.40:473][  0]LogBlueprintUserMessages: [HapLibrarian_2] file://C:/Users/ch3zziepUfff/Desktop/DP_Builds/WindowsNoEditor/WindowsNoEditor/DontPanicV012/Content/Movies/Media/HapLib/13- fan room.mov
[2021.01.17-06.41.40:474][  0]LogBlueprintUserMessages: [HapLibrarian_2] Hello
[2021.01.17-06.41.40:474][  0]LogBlueprintUserMessages: [HapLibrarian_2] file://C:/Users/ch3zziepUfff/Desktop/DP_Builds/WindowsNoEditor/WindowsNoEditor/DontPanicV012/Content/Movies/Media/HapLib/13- fan room.mov
[2021.01.17-06.41.40:475][  0]LogBlueprintUserMessages: [HapLibrarian_2] Hello
[2021.01.17-06.41.40:475][  0]LogBlueprintUserMessages: [HapLibrarian_2] file://C:/Users/ch3zziepUfff/Desktop/DP_Builds/WindowsNoEditor/WindowsNoEditor/DontPanicV012/Content/Movies/Media/HapLib/13- fan room.mov
[2021.01.17-06.41.40:476][  0]LogBlueprintUserMessages: [HapLibrarian_2] Hello
[2021.01.17-06.41.40:476][  0]LogBlueprintUserMessages: [HapLibrarian_2] file://C:/Users/ch3zziepUfff/Desktop/DP_Builds/WindowsNoEditor/WindowsNoEditor/DontPanicV012/Content/Movies/Media/HapLib/13- fan room.mov
[2021.01.17-06.41.40:477][  0]LogBlueprintUserMessages: [HapLibrarian_2] Hello
[2021.01.17-06.41.40:477][  0]LogBlueprintUserMessages: [HapLibrarian_2] file://C:/Users/ch3zziepUfff/Desktop/DP_Builds/WindowsNoEditor/WindowsNoEditor/DontPanicV012/Content/Movies/Media/HapLib/13- fan room.mov
[2021.01.17-06.41.40:477][  0]LogBlueprintUserMessages: [HapLibrarian_2] Hello
[2021.01.17-06.41.40:478][  0]LogBlueprintUserMessages: [HapLibrarian_2] file://C:/Users/ch3zziepUfff/Desktop/DP_Builds/WindowsNoEditor/WindowsNoEditor/DontPanicV012/Content/Movies/Media/HapLib/13- fan room.mov
[2021.01.17-06.41.40:478][  0]LogBlueprintUserMessages: [HapLibrarian_2] Hello
[2021.01.17-06.41.40:479][  0]LogBlueprintUserMessages: [HapLibrarian_2] file://C:/Users/ch3zziepUfff/Desktop/DP_Builds/WindowsNoEditor/WindowsNoEditor/DontPanicV012/Content/Movies/Media/HapLib/13- fan room.mov
[2021.01.17-06.41.40:479][  0]LogBlueprintUserMessages: [HapLibrarian_2] Hello
[2021.01.17-06.41.40:480][  0]LogBlueprintUserMessages: [HapLibrarian_2] file://C:/Users/ch3zziepUfff/Desktop/DP_Builds/WindowsNoEditor/WindowsNoEditor/DontPanicV012/Content/Movies/Media/HapLib/13- fan room.mov
[2021.01.17-06.41.40:480][  0]LogBlueprintUserMessages: [HapLibrarian_2] Hello
[2021.01.17-06.41.40:481][  0]LogBlueprintUserMessages: [HapLibrarian_2] file://C:/Users/ch3zziepUfff/Desktop/DP_Builds/WindowsNoEditor/WindowsNoEditor/DontPanicV012/Content/Movies/Media/HapLib/13- fan room.mov
[2021.01.17-06.41.40:481][  0]LogBlueprintUserMessages: [HapLibrarian_2] Hello
[2021.01.17-06.41.40:482][  0]LogBlueprintUserMessages: [HapLibrarian_2] file://C:/Users/ch3zziepUfff/Desktop/DP_Builds/WindowsNoEditor/WindowsNoEditor/DontPanicV012/Content/Movies/Media/HapLib/13- fan room.mov
[2021.01.17-06.41.40:482][  0]LogBlueprintUserMessages: [HapLibrarian_2] Hello
[2021.01.17-06.41.40:483][  0]LogBlueprintUserMessages: [HapLibrarian_2] file://C:/Users/ch3zziepUfff/Desktop/DP_Builds/WindowsNoEditor/WindowsNoEditor/DontPanicV012/Content/Movies/Media/HapLib/13- fan room.mov
[2021.01.17-06.41.40:483][  0]LogBlueprintUserMessages: [HapLibrarian_2] Hello
[2021.01.17-06.41.40:484][  0]LogBlueprintUserMessages: [HapLibrarian_2] file://C:/Users/ch3zziepUfff/Desktop/DP_Builds/WindowsNoEditor/WindowsNoEditor/DontPanicV012/Content/Movies/Media/HapLib/13- fan room.mov
[2021.01.17-06.41.40:484][  0]LogBlueprintUserMessages: [HapLibrarian_2] Hello
[2021.01.17-06.41.40:485][  0]LogBlueprintUserMessages: [HapLibrarian_2] file://C:/Users/ch3zziepUfff/Desktop/DP_Builds/WindowsNoEditor/WindowsNoEditor/DontPanicV012/Content/Movies/Media/HapLib/13- fan room.mov
[2021.01.17-06.41.40:485][  0]LogBlueprintUserMessages: [HapLibrarian_2] Hello
[2021.01.17-06.41.40:485][  0]LogBlueprintUserMessages: [HapLibrarian_2] file://C:/Users/ch3zziepUfff/Desktop/DP_Builds/WindowsNoEditor/WindowsNoEditor/DontPanicV012/Content/Movies/Media/HapLib/13- fan room.mov
[2021.01.17-06.41.40:696][  0]LogLoad: Took 0.337412 seconds to LoadMap(/Game/InitLevel)
[2021.01.17-06.41.40:701][  0]LogSlate: Took 0.000111 seconds to synchronously load lazily loaded font '../../../DontPanicV012/Content/MyInitAssets/Fonts/gilsanub.ufont' (72K)
[2021.01.17-06.41.40:704][  0]LogSlate: Took 0.000852 seconds to synchronously load lazily loaded font '../../../Engine/Content/EngineFonts/Faces/RobotoBold.ufont' (160K)
[2021.01.17-06.41.40:717][  0]LogRenderer: Reallocating scene render targets to support 3072x1728 Format 10 NumSamples 1 (Frame:1).
[2021.01.17-06.41.40:717][  0]LogSlate: Took 0.000886 seconds to synchronously load lazily loaded font '../../../Engine/Content/EngineFonts/Faces/RobotoRegular.ufont' (155K)
[2021.01.17-06.41.40:724][  0]LogLoad: (Engine Initialization) Total time: 1.18 seconds
[2021.01.17-06.41.40:812][  0]LogContentStreaming: Texture pool size now 1000 MB
[2021.01.17-06.41.40:830][  0]LogSlate: Slate font cache was flushed
[2021.01.17-06.41.40:836][  1]LogSlate: Took 0.000087 seconds to synchronously load lazily loaded font '../../../Engine/Content/EngineFonts/Faces/RobotoRegular.ufont' (155K)
[2021.01.17-06.41.40:841][  1]LogSlate: Took 0.000071 seconds to synchronously load lazily loaded font '../../../DontPanicV012/Content/MyInitAssets/Fonts/gilsanub.ufont' (72K)
[2021.01.17-06.41.40:843][  1]LogSlate: Took 0.000071 seconds to synchronously load lazily loaded font '../../../Engine/Content/EngineFonts/Faces/RobotoBold.ufont' (160K)
[2021.01.17-06.41.40:980][ 10]LogBlueprintUserMessages: [HapLibrarian_2] file://C:/Users/ch3zziepUfff/Desktop/DP_Builds/WindowsNoEditor/WindowsNoEditor/DontPanicV012/Content/Movies/Media/HapLib/14 - trace.mov
[2021.01.17-06.41.41:178][ 20]LogUObjectGlobals: Warning: Gamethread hitch waiting for resource cleanup on a UObject (MaterialInstanceDynamic /Engine/Transient.ThumbMaker00) overwrite took   0.02ms. Fix the higher level code so that this does not happen.
[2021.01.17-06.41.41:179][ 20]LogBlueprintUserMessages: [HapLibrarian_2] file://C:/Users/ch3zziepUfff/Desktop/DP_Builds/WindowsNoEditor/WindowsNoEditor/DontPanicV012/Content/Movies/Media/HapLib/2. Water Drop 1.mov
[2021.01.17-06.41.41:386][ 32]LogUObjectGlobals: Warning: Gamethread hitch waiting for resource cleanup on a UObject (MaterialInstanceDynamic /Engine/Transient.ThumbMaker00) overwrite took   0.01ms. Fix the higher level code so that this does not happen.
[2021.01.17-06.41.41:386][ 32]LogBlueprintUserMessages: [HapLibrarian_2] file://C:/Users/ch3zziepUfff/Desktop/DP_Builds/WindowsNoEditor/WindowsNoEditor/DontPanicV012/Content/Movies/Media/HapLib/3. Neon Rain.mov
[2021.01.17-06.41.41:596][ 36]LogUObjectGlobals: Warning: Gamethread hitch waiting for resource cleanup on a UObject (MaterialInstanceDynamic /Engine/Transient.ThumbMaker00) overwrite took   0.01ms. Fix the higher level code so that this does not happen.
[2021.01.17-06.41.41:596][ 36]LogBlueprintUserMessages: [HapLibrarian_2] file://C:/Users/ch3zziepUfff/Desktop/DP_Builds/WindowsNoEditor/WindowsNoEditor/DontPanicV012/Content/Movies/Media/HapLib/3. Water Drop 2.mov
[2021.01.17-06.41.41:799][ 44]LogUObjectGlobals: Warning: Gamethread hitch waiting for resource cleanup on a UObject (MaterialInstanceDynamic /Engine/Transient.ThumbMaker00) overwrite took   0.01ms. Fix the higher level code so that this does not happen.
[2021.01.17-06.41.41:799][ 44]LogBlueprintUserMessages: [HapLibrarian_2] file://C:/Users/ch3zziepUfff/Desktop/DP_Builds/WindowsNoEditor/WindowsNoEditor/DontPanicV012/Content/Movies/Media/HapLib/4. Jungle  Fly over.mov
[2021.01.17-06.41.42:014][ 46]LogUObjectGlobals: Warning: Gamethread hitch waiting for resource cleanup on a UObject (MaterialInstanceDynamic /Engine/Transient.ThumbMaker00) overwrite took   0.42ms. Fix the higher level code so that this does not happen.
[2021.01.17-06.41.42:015][ 46]LogBlueprintUserMessages: [HapLibrarian_2] file://C:/Users/ch3zziepUfff/Desktop/DP_Builds/WindowsNoEditor/WindowsNoEditor/DontPanicV012/Content/Movies/Media/HapLib/4. Water Drop 3.mov
[2021.01.17-06.41.42:226][ 59]LogUObjectGlobals: Warning: Gamethread hitch waiting for resource cleanup on a UObject (MaterialInstanceDynamic /Engine/Transient.ThumbMaker00) overwrite took   0.01ms. Fix the higher level code so that this does not happen.
[2021.01.17-06.41.42:226][ 59]LogBlueprintUserMessages: [HapLibrarian_2] file://C:/Users/ch3zziepUfff/Desktop/DP_Builds/WindowsNoEditor/WindowsNoEditor/DontPanicV012/Content/Movies/Media/HapLib/5. Water Drop 4.mov
[2021.01.17-06.41.42:440][ 69]LogUObjectGlobals: Warning: Gamethread hitch waiting for resource cleanup on a UObject (MaterialInstanceDynamic /Engine/Transient.ThumbMaker00) overwrite took   0.00ms. Fix the higher level code so that this does not happen.
[2021.01.17-06.41.42:440][ 69]LogBlueprintUserMessages: [HapLibrarian_2] file://C:/Users/ch3zziepUfff/Desktop/DP_Builds/WindowsNoEditor/WindowsNoEditor/DontPanicV012/Content/Movies/Media/HapLib/6-Bolt.mov
[2021.01.17-06.41.42:653][ 75]LogUObjectGlobals: Warning: Gamethread hitch waiting for resource cleanup on a UObject (MaterialInstanceDynamic /Engine/Transient.ThumbMaker00) overwrite took   0.01ms. Fix the higher level code so that this does not happen.
[2021.01.17-06.41.42:653][ 75]LogBlueprintUserMessages: [HapLibrarian_2] file://C:/Users/ch3zziepUfff/Desktop/DP_Builds/WindowsNoEditor/WindowsNoEditor/DontPanicV012/Content/Movies/Media/HapLib/7- Glow Worms.mov
[2021.01.17-06.41.42:859][ 87]LogUObjectGlobals: Warning: Gamethread hitch waiting for resource cleanup on a UObject (MaterialInstanceDynamic /Engine/Transient.ThumbMaker00) overwrite took   0.01ms. Fix the higher level code so that this does not happen.
[2021.01.17-06.41.42:859][ 87]LogBlueprintUserMessages: [HapLibrarian_2] file://C:/Users/ch3zziepUfff/Desktop/DP_Builds/WindowsNoEditor/WindowsNoEditor/DontPanicV012/Content/Movies/Media/HapLib/7- strobe.mov
[2021.01.17-06.41.43:064][ 97]LogUObjectGlobals: Warning: Gamethread hitch waiting for resource cleanup on a UObject (MaterialInstanceDynamic /Engine/Transient.ThumbMaker00) overwrite took   0.00ms. Fix the higher level code so that this does not happen.
[2021.01.17-06.41.43:064][ 97]LogBlueprintUserMessages: [HapLibrarian_2] file://C:/Users/ch3zziepUfff/Desktop/DP_Builds/WindowsNoEditor/WindowsNoEditor/DontPanicV012/Content/Movies/Media/HapLib/7-Logo.mov
[2021.01.17-06.41.43:265][108]LogUObjectGlobals: Warning: Gamethread hitch waiting for resource cleanup on a UObject (MaterialInstanceDynamic /Engine/Transient.ThumbMaker00) overwrite took   0.01ms. Fix the higher level code so that this does not happen.
[2021.01.17-06.41.43:265][108]LogBlueprintUserMessages: [HapLibrarian_2] file://C:/Users/ch3zziepUfff/Desktop/DP_Builds/WindowsNoEditor/WindowsNoEditor/DontPanicV012/Content/Movies/Media/HapLib/8-hallway.mov
[2021.01.17-06.41.43:467][120]LogUObjectGlobals: Warning: Gamethread hitch waiting for resource cleanup on a UObject (MaterialInstanceDynamic /Engine/Transient.ThumbMaker00) overwrite took   0.00ms. Fix the higher level code so that this does not happen.
[2021.01.17-06.41.43:467][120]LogBlueprintUserMessages: [HapLibrarian_2] file://C:/Users/ch3zziepUfff/Desktop/DP_Builds/WindowsNoEditor/WindowsNoEditor/DontPanicV012/Content/Movies/Media/HapLib/9-Powerplant II.mov
[2021.01.17-06.41.43:669][130]LogUObjectGlobals: Warning: Gamethread hitch waiting for resource cleanup on a UObject (MaterialInstanceDynamic /Engine/Transient.ThumbMaker00) overwrite took   0.01ms. Fix the higher level code so that this does not happen.
[2021.01.17-06.41.43:669][130]LogBlueprintUserMessages: [HapLibrarian_2] file://C:/Users/ch3zziepUfff/Desktop/DP_Builds/WindowsNoEditor/WindowsNoEditor/DontPanicV012/Content/Movies/Media/HapLib/9-Powerplant.mov
[2021.01.17-06.41.43:879][142]LogUObjectGlobals: Warning: Gamethread hitch waiting for resource cleanup on a UObject (MaterialInstanceDynamic /Engine/Transient.ThumbMaker00) overwrite took   0.01ms. Fix the higher level code so that this does not happen.
[2021.01.17-06.41.43:879][142]LogBlueprintUserMessages: [HapLibrarian_2] file://C:/Users/ch3zziepUfff/Desktop/DP_Builds/WindowsNoEditor/WindowsNoEditor/DontPanicV012/Content/Movies/Media/HapLib/effects (2).mov
[2021.01.17-06.41.44:092][154]LogUObjectGlobals: Warning: Gamethread hitch waiting for resource cleanup on a UObject (MaterialInstanceDynamic /Engine/Transient.ThumbMaker00) overwrite took   0.01ms. Fix the higher level code so that this does not happen.
[2021.01.17-06.41.44:092][154]LogBlueprintUserMessages: [HapLibrarian_2] file://C:/Users/ch3zziepUfff/Desktop/DP_Builds/WindowsNoEditor/WindowsNoEditor/DontPanicV012/Content/Movies/Media/HapLib/effects (3).mov
[2021.01.17-06.41.44:305][167]LogUObjectGlobals: Warning: Gamethread hitch waiting for resource cleanup on a UObject (MaterialInstanceDynamic /Engine/Transient.ThumbMaker00) overwrite took   0.01ms. Fix the higher level code so that this does not happen.
[2021.01.17-06.41.44:306][167]LogBlueprintUserMessages: [HapLibrarian_2] file://C:/Users/ch3zziepUfff/Desktop/DP_Builds/WindowsNoEditor/WindowsNoEditor/DontPanicV012/Content/Movies/Media/HapLib/effects (5).mov
[2021.01.17-06.41.44:515][180]LogUObjectGlobals: Warning: Gamethread hitch waiting for resource cleanup on a UObject (MaterialInstanceDynamic /Engine/Transient.ThumbMaker00) overwrite took   0.00ms. Fix the higher level code so that this does not happen.
[2021.01.17-06.41.44:515][180]LogBlueprintUserMessages: [HapLibrarian_2] file://C:/Users/ch3zziepUfff/Desktop/DP_Builds/WindowsNoEditor/WindowsNoEditor/DontPanicV012/Content/Movies/Media/HapLib/Lightning 1.mov
[2021.01.17-06.41.44:724][193]LogUObjectGlobals: Warning: Gamethread hitch waiting for resource cleanup on a UObject (MaterialInstanceDynamic /Engine/Transient.ThumbMaker00) overwrite took   0.01ms. Fix the higher level code so that this does not happen.
[2021.01.17-06.41.44:724][193]LogBlueprintUserMessages: [HapLibrarian_2] file://C:/Users/ch3zziepUfff/Desktop/DP_Builds/WindowsNoEditor/WindowsNoEditor/DontPanicV012/Content/Movies/Media/HapLib/Lightning 2.mov
[2021.01.17-06.41.44:934][206]LogUObjectGlobals: Warning: Gamethread hitch waiting for resource cleanup on a UObject (MaterialInstanceDynamic /Engine/Transient.ThumbMaker00) overwrite took   0.00ms. Fix the higher level code so that this does not happen.
[2021.01.17-06.41.44:934][206]LogBlueprintUserMessages: [HapLibrarian_2] file://C:/Users/ch3zziepUfff/Desktop/DP_Builds/WindowsNoEditor/WindowsNoEditor/DontPanicV012/Content/Movies/Media/HapLib/Lightning 3.mov
[2021.01.17-06.41.45:144][219]LogUObjectGlobals: Warning: Gamethread hitch waiting for resource cleanup on a UObject (MaterialInstanceDynamic /Engine/Transient.ThumbMaker00) overwrite took   0.01ms. Fix the higher level code so that this does not happen.
[2021.01.17-06.41.45:144][219]LogBlueprintUserMessages: [HapLibrarian_2] file://C:/Users/ch3zziepUfff/Desktop/DP_Builds/WindowsNoEditor/WindowsNoEditor/DontPanicV012/Content/Movies/Media/HapLib/Lightning 4.mov
[2021.01.17-06.41.45:353][232]LogUObjectGlobals: Warning: Gamethread hitch waiting for resource cleanup on a UObject (MaterialInstanceDynamic /Engine/Transient.ThumbMaker00) overwrite took   0.00ms. Fix the higher level code so that this does not happen.
[2021.01.17-06.41.45:353][232]LogBlueprintUserMessages: [HapLibrarian_2] file://C:/Users/ch3zziepUfff/Desktop/DP_Builds/WindowsNoEditor/WindowsNoEditor/DontPanicV012/Content/Movies/Media/HapLib/Lightning 5.mov
[2021.01.17-06.41.45:564][245]LogUObjectGlobals: Warning: Gamethread hitch waiting for resource cleanup on a UObject (MaterialInstanceDynamic /Engine/Transient.ThumbMaker00) overwrite took   0.01ms. Fix the higher level code so that this does not happen.
[2021.01.17-06.41.45:564][245]LogBlueprintUserMessages: [HapLibrarian_2] file://C:/Users/ch3zziepUfff/Desktop/DP_Builds/WindowsNoEditor/WindowsNoEditor/DontPanicV012/Content/Movies/Media/HapLib/Lightning 6.mov
[2021.01.17-06.41.45:773][258]LogUObjectGlobals: Warning: Gamethread hitch waiting for resource cleanup on a UObject (MaterialInstanceDynamic /Engine/Transient.ThumbMaker00) overwrite took   0.01ms. Fix the higher level code so that this does not happen.
[2021.01.17-06.41.45:773][258]LogUMG: Display: Widget Class _DefaultPool_Cell__C - Loaded Fast Template.
[2021.01.17-06.41.45:774][258]LogBlueprintUserMessages: [HapLibUniversePool] file://C:/Users/ch3zziepUfff/Desktop/DP_Builds/WindowsNoEditor/WindowsNoEditor/DontPanicV012/Content/Movies/Media/HapLib/13- fan room.mov
[2021.01.17-06.41.45:774][258]LogBlueprintUserMessages: [HapLibUniversePool] file://C:/Users/ch3zziepUfff/Desktop/DP_Builds/WindowsNoEditor/WindowsNoEditor/DontPanicV012/Content/Movies/Media/HapLib/14 - trace.mov
[2021.01.17-06.41.45:775][258]LogBlueprintUserMessages: [HapLibUniversePool] file://C:/Users/ch3zziepUfff/Desktop/DP_Builds/WindowsNoEditor/WindowsNoEditor/DontPanicV012/Content/Movies/Media/HapLib/2. Water Drop 1.mov
[2021.01.17-06.41.45:775][258]LogBlueprintUserMessages: [HapLibUniversePool] file://C:/Users/ch3zziepUfff/Desktop/DP_Builds/WindowsNoEditor/WindowsNoEditor/DontPanicV012/Content/Movies/Media/HapLib/3. Neon Rain.mov
[2021.01.17-06.41.45:775][258]LogBlueprintUserMessages: [HapLibUniversePool] file://C:/Users/ch3zziepUfff/Desktop/DP_Builds/WindowsNoEditor/WindowsNoEditor/DontPanicV012/Content/Movies/Media/HapLib/3. Water Drop 2.mov
[2021.01.17-06.41.45:776][258]LogBlueprintUserMessages: [HapLibUniversePool] file://C:/Users/ch3zziepUfff/Desktop/DP_Builds/WindowsNoEditor/WindowsNoEditor/DontPanicV012/Content/Movies/Media/HapLib/4. Jungle  Fly over.mov
[2021.01.17-06.41.45:776][258]LogBlueprintUserMessages: [HapLibUniversePool] file://C:/Users/ch3zziepUfff/Desktop/DP_Builds/WindowsNoEditor/WindowsNoEditor/DontPanicV012/Content/Movies/Media/HapLib/4. Water Drop 3.mov
[2021.01.17-06.41.45:777][258]LogBlueprintUserMessages: [HapLibUniversePool] file://C:/Users/ch3zziepUfff/Desktop/DP_Builds/WindowsNoEditor/WindowsNoEditor/DontPanicV012/Content/Movies/Media/HapLib/5. Water Drop 4.mov
[2021.01.17-06.41.45:777][258]LogBlueprintUserMessages: [HapLibUniversePool] file://C:/Users/ch3zziepUfff/Desktop/DP_Builds/WindowsNoEditor/WindowsNoEditor/DontPanicV012/Content/Movies/Media/HapLib/6-Bolt.mov
[2021.01.17-06.41.45:777][258]LogBlueprintUserMessages: [HapLibUniversePool] file://C:/Users/ch3zziepUfff/Desktop/DP_Builds/WindowsNoEditor/WindowsNoEditor/DontPanicV012/Content/Movies/Media/HapLib/7- Glow Worms.mov
[2021.01.17-06.41.45:778][258]LogBlueprintUserMessages: [HapLibUniversePool] file://C:/Users/ch3zziepUfff/Desktop/DP_Builds/WindowsNoEditor/WindowsNoEditor/DontPanicV012/Content/Movies/Media/HapLib/7- strobe.mov
[2021.01.17-06.41.45:778][258]LogBlueprintUserMessages: [HapLibUniversePool] file://C:/Users/ch3zziepUfff/Desktop/DP_Builds/WindowsNoEditor/WindowsNoEditor/DontPanicV012/Content/Movies/Media/HapLib/7-Logo.mov
[2021.01.17-06.41.45:778][258]LogBlueprintUserMessages: [HapLibUniversePool] file://C:/Users/ch3zziepUfff/Desktop/DP_Builds/WindowsNoEditor/WindowsNoEditor/DontPanicV012/Content/Movies/Media/HapLib/8-hallway.mov
[2021.01.17-06.41.45:779][258]LogBlueprintUserMessages: [HapLibUniversePool] file://C:/Users/ch3zziepUfff/Desktop/DP_Builds/WindowsNoEditor/WindowsNoEditor/DontPanicV012/Content/Movies/Media/HapLib/9-Powerplant II.mov
[2021.01.17-06.41.45:779][258]LogBlueprintUserMessages: [HapLibUniversePool] file://C:/Users/ch3zziepUfff/Desktop/DP_Builds/WindowsNoEditor/WindowsNoEditor/DontPanicV012/Content/Movies/Media/HapLib/9-Powerplant.mov
[2021.01.17-06.41.45:780][258]LogBlueprintUserMessages: [HapLibUniversePool] file://C:/Users/ch3zziepUfff/Desktop/DP_Builds/WindowsNoEditor/WindowsNoEditor/DontPanicV012/Content/Movies/Media/HapLib/effects (2).mov
[2021.01.17-06.41.45:780][258]LogBlueprintUserMessages: [HapLibUniversePool] file://C:/Users/ch3zziepUfff/Desktop/DP_Builds/WindowsNoEditor/WindowsNoEditor/DontPanicV012/Content/Movies/Media/HapLib/effects (3).mov
[2021.01.17-06.41.45:780][258]LogBlueprintUserMessages: [HapLibUniversePool] file://C:/Users/ch3zziepUfff/Desktop/DP_Builds/WindowsNoEditor/WindowsNoEditor/DontPanicV012/Content/Movies/Media/HapLib/effects (5).mov
[2021.01.17-06.41.45:781][258]LogBlueprintUserMessages: [HapLibUniversePool] file://C:/Users/ch3zziepUfff/Desktop/DP_Builds/WindowsNoEditor/WindowsNoEditor/DontPanicV012/Content/Movies/Media/HapLib/Lightning 1.mov
[2021.01.17-06.41.45:781][258]LogBlueprintUserMessages: [HapLibUniversePool] file://C:/Users/ch3zziepUfff/Desktop/DP_Builds/WindowsNoEditor/WindowsNoEditor/DontPanicV012/Content/Movies/Media/HapLib/Lightning 2.mov
[2021.01.17-06.41.45:782][258]LogBlueprintUserMessages: [HapLibUniversePool] file://C:/Users/ch3zziepUfff/Desktop/DP_Builds/WindowsNoEditor/WindowsNoEditor/DontPanicV012/Content/Movies/Media/HapLib/Lightning 3.mov
[2021.01.17-06.41.45:782][258]LogBlueprintUserMessages: [HapLibUniversePool] file://C:/Users/ch3zziepUfff/Desktop/DP_Builds/WindowsNoEditor/WindowsNoEditor/DontPanicV012/Content/Movies/Media/HapLib/Lightning 4.mov
[2021.01.17-06.41.45:782][258]LogBlueprintUserMessages: [HapLibUniversePool] file://C:/Users/ch3zziepUfff/Desktop/DP_Builds/WindowsNoEditor/WindowsNoEditor/DontPanicV012/Content/Movies/Media/HapLib/Lightning 5.mov
[2021.01.17-06.41.45:783][258]LogBlueprintUserMessages: [HapLibUniversePool] file://C:/Users/ch3zziepUfff/Desktop/DP_Builds/WindowsNoEditor/WindowsNoEditor/DontPanicV012/Content/Movies/Media/HapLib/Lightning 6.mov
[2021.01.17-06.41.47:351][355]LogSlate: FSceneViewport::OnFocusLost() reason 0
[2021.01.17-06.41.47:433][360]r.SetRes = "3840x1080w"
[2021.01.17-06.41.47:442][360]LogRenderer: Reallocating scene render targets to support 3840x1080 Format 10 NumSamples 1 (Frame:363).
[2021.01.17-06.41.49:324][476]LogBlueprintUserMessages: [HeaderBarMenu] 6
[2021.01.17-06.41.49:937][514]LogBlueprintUserMessages: [HeaderBarMenu] 6
[2021.01.17-06.41.50:243][533]LogBlueprintUserMessages: [HeaderBarMenu] 5
[2021.01.17-06.41.51:566][615]LogBlueprintUserMessages: [HeaderBarMenu] 4
[2021.01.17-06.41.52:211][655]LogBlueprintUserMessages: [HeaderBarMenu] 3
[2021.01.17-06.41.52:857][695]LogBlueprintUserMessages: [HeaderBarMenu] 2
[2021.01.17-06.41.53:615][742]LogBlueprintUserMessages: [HeaderBarMenu] 1
[2021.01.17-06.41.54:340][787]LogBlueprintUserMessages: [HeaderBarMenu] 0
[2021.01.17-06.41.56:180][901]LogSlate: FSceneViewport::OnFocusLost() reason 0
[2021.01.17-06.41.56:470][919]LogBlueprintUserMessages: [HapLibUniversePool] file://C:/Users/ch3zziepUfff/Desktop/DP_Builds/WindowsNoEditor/WindowsNoEditor/DontPanicV012/Content/Movies/Media/HapLib/7- Glow Worms.mov
[2021.01.17-06.41.57:090][956]LogBlueprintUserMessages: [HapLibUniversePool] file://C:/Users/ch3zziepUfff/Desktop/DP_Builds/WindowsNoEditor/WindowsNoEditor/DontPanicV012/Content/Movies/Media/HapLib/7-Logo.mov
[2021.01.17-06.41.57:708][994]LogBlueprintUserMessages: [HapLibUniversePool] file://C:/Users/ch3zziepUfff/Desktop/DP_Builds/WindowsNoEditor/WindowsNoEditor/DontPanicV012/Content/Movies/Media/HapLib/9-Powerplant.mov
[2021.01.17-06.41.58:080][ 17]LogSlate: FSceneViewport::OnFocusLost() reason 0
[2021.01.17-06.41.58:173][ 22]LogBlueprintUserMessages: [HapLibUniversePool] file://C:/Users/ch3zziepUfff/Desktop/DP_Builds/WindowsNoEditor/WindowsNoEditor/DontPanicV012/Content/Movies/Media/HapLib/Lightning 3.mov
[2021.01.17-06.41.59:288][ 91]LogBlueprintUserMessages: [HeaderBarMenu] 1
[2021.01.17-06.41.59:707][117]LogBlueprintUserMessages: [HeaderBarMenu] 2
[2021.01.17-06.42.00:062][139]LogBlueprintUserMessages: [HeaderBarMenu] 3
[2021.01.17-06.42.00:740][181]r.SetRes = "1920x1080w"
[2021.01.17-06.42.00:743][181]LogRenderer: Reallocating scene render targets to support 1920x1080 Format 10 NumSamples 1 (Frame:1187).
[2021.01.17-06.42.04:162][393]r.SetRes = "3840x1080w"
[2021.01.17-06.42.04:166][393]LogRenderer: Reallocating scene render targets to support 3840x1080 Format 10 NumSamples 1 (Frame:1401).
[2021.01.17-06.42.05:292][463]r.SetRes = "1920x1080w"
[2021.01.17-06.42.05:299][463]LogRenderer: Reallocating scene render targets to support 1920x1080 Format 10 NumSamples 1 (Frame:1473).
[2021.01.17-06.42.11:262][833]LogSlate: FSceneViewport::OnFocusLost() reason 0
[2021.01.17-06.42.11:972][877]LogBlueprintUserMessages: [HeaderBarMenu] 5
[2021.01.17-06.42.12:714][923]LogBlueprintUserMessages: [HeaderBarMenu] 4
[2021.01.17-06.42.16:424][153]LogSlate: FSceneViewport::OnFocusLost() reason 1
[2021.01.17-06.42.21:134][445]LogSlate: FSceneViewport::OnFocusLost() reason 0
[2021.01.17-06.42.21:182][448]LogBlueprintUserMessages: [OutputSettingsPrimaryButtons] 336x336
[2021.01.17-06.42.21:182][448]LogBlueprintUserMessages: [Screen_0_1_HorizontalRight_C_2147482557] 336x336
[2021.01.17-06.42.21:182][448]LogBlueprintUserMessages: [OutputSettingsPrimaryButtons] 336x336
[2021.01.17-06.42.21:182][448]LogBlueprintUserMessages: [Screen_0_1_HorizontalRight_C_2147482557] 336x336
[2021.01.17-06.42.21:198][449]LogBlueprintUserMessages: [OutputSettingsPrimaryButtons] 336x336
[2021.01.17-06.42.21:198][449]LogBlueprintUserMessages: [Screen_0_1_HorizontalRight_C_2147482557] 336x336
[2021.01.17-06.42.21:198][449]LogBlueprintUserMessages: [OutputSettingsPrimaryButtons] 336x336
[2021.01.17-06.42.21:198][449]LogBlueprintUserMessages: [Screen_0_1_HorizontalRight_C_2147482557] 336x336
[2021.01.17-06.42.21:214][450]LogBlueprintUserMessages: [OutputSettingsPrimaryButtons] 336x336
[2021.01.17-06.42.21:214][450]LogBlueprintUserMessages: [Screen_0_1_HorizontalRight_C_2147482557] 336x336
[2021.01.17-06.42.21:214][450]LogBlueprintUserMessages: [OutputSettingsPrimaryButtons] 336x336
[2021.01.17-06.42.21:214][450]LogBlueprintUserMessages: [Screen_0_1_HorizontalRight_C_2147482557] 336x336
[2021.01.17-06.42.21:214][450]LogBlueprintUserMessages: [OutputSettingsPrimaryButtons] 336x336
[2021.01.17-06.42.21:214][450]LogBlueprintUserMessages: [Screen_0_1_HorizontalRight_C_2147482557] 336x336
[2021.01.17-06.42.21:230][451]LogBlueprintUserMessages: [OutputSettingsPrimaryButtons] 336x336
[2021.01.17-06.42.21:230][451]LogBlueprintUserMessages: [Screen_0_1_HorizontalRight_C_2147482557] 336x336
[2021.01.17-06.42.21:230][451]LogBlueprintUserMessages: [OutputSettingsPrimaryButtons] 336x336
[2021.01.17-06.42.21:230][451]LogBlueprintUserMessages: [Screen_0_1_HorizontalRight_C_2147482557] 336x336
[2021.01.17-06.42.21:246][452]LogBlueprintUserMessages: [OutputSettingsPrimaryButtons] 336x336
[2021.01.17-06.42.21:246][452]LogBlueprintUserMessages: [Screen_0_1_HorizontalRight_C_2147482557] 336x336
[2021.01.17-06.42.21:246][452]LogBlueprintUserMessages: [OutputSettingsPrimaryButtons] 336x336
[2021.01.17-06.42.21:246][452]LogBlueprintUserMessages: [Screen_0_1_HorizontalRight_C_2147482557] 336x336
[2021.01.17-06.42.21:262][453]LogBlueprintUserMessages: [OutputSettingsPrimaryButtons] 336x336
[2021.01.17-06.42.21:262][453]LogBlueprintUserMessages: [Screen_0_1_HorizontalRight_C_2147482557] 336x336
[2021.01.17-06.42.21:262][453]LogBlueprintUserMessages: [OutputSettingsPrimaryButtons] 336x336
[2021.01.17-06.42.21:262][453]LogBlueprintUserMessages: [Screen_0_1_HorizontalRight_C_2147482557] 336x336
[2021.01.17-06.42.21:279][454]LogBlueprintUserMessages: [OutputSettingsPrimaryButtons] 336x336
[2021.01.17-06.42.21:279][454]LogBlueprintUserMessages: [Screen_0_1_HorizontalRight_C_2147482557] 336x336
[2021.01.17-06.42.21:279][454]LogBlueprintUserMessages: [OutputSettingsPrimaryButtons] 336x336
[2021.01.17-06.42.21:279][454]LogBlueprintUserMessages: [Screen_0_1_HorizontalRight_C_2147482557] 336x336
[2021.01.17-06.42.21:295][455]LogBlueprintUserMessages: [OutputSettingsPrimaryButtons] 336x336
[2021.01.17-06.42.21:295][455]LogBlueprintUserMessages: [Screen_0_1_HorizontalRight_C_2147482557] 336x336
[2021.01.17-06.42.21:295][455]LogBlueprintUserMessages: [OutputSettingsPrimaryButtons] 336x336
[2021.01.17-06.42.21:295][455]LogBlueprintUserMessages: [Screen_0_1_HorizontalRight_C_2147482557] 336x336
[2021.01.17-06.42.21:310][456]LogBlueprintUserMessages: [OutputSettingsPrimaryButtons] 336x336
[2021.01.17-06.42.21:310][456]LogBlueprintUserMessages: [Screen_0_1_HorizontalRight_C_2147482557] 336x336
[2021.01.17-06.42.21:310][456]LogBlueprintUserMessages: [OutputSettingsPrimaryButtons] 336x336
[2021.01.17-06.42.21:310][456]LogBlueprintUserMessages: [Screen_0_1_HorizontalRight_C_2147482557] 336x336
[2021.01.17-06.42.21:327][457]LogBlueprintUserMessages: [OutputSettingsPrimaryButtons] 336x336
[2021.01.17-06.42.21:327][457]LogBlueprintUserMessages: [Screen_0_1_HorizontalRight_C_2147482557] 336x336
[2021.01.17-06.42.21:327][457]LogBlueprintUserMessages: [OutputSettingsPrimaryButtons] 336x336
[2021.01.17-06.42.21:327][457]LogBlueprintUserMessages: [Screen_0_1_HorizontalRight_C_2147482557] 336x336
[2021.01.17-06.42.21:343][458]LogBlueprintUserMessages: [OutputSettingsPrimaryButtons] 336x336
[2021.01.17-06.42.21:343][458]LogBlueprintUserMessages: [Screen_0_1_HorizontalRight_C_2147482557] 336x336
[2021.01.17-06.42.21:343][458]LogBlueprintUserMessages: [OutputSettingsPrimaryButtons] 336x336
[2021.01.17-06.42.21:343][458]LogBlueprintUserMessages: [Screen_0_1_HorizontalRight_C_2147482557] 336x336
[2021.01.17-06.42.21:359][459]LogBlueprintUserMessages: [OutputSettingsPrimaryButtons] 336x336
[2021.01.17-06.42.21:359][459]LogBlueprintUserMessages: [Screen_0_1_HorizontalRight_C_2147482557] 336x336
[2021.01.17-06.42.21:359][459]LogBlueprintUserMessages: [OutputSettingsPrimaryButtons] 336x336
[2021.01.17-06.42.21:359][459]LogBlueprintUserMessages: [Screen_0_1_HorizontalRight_C_2147482557] 336x336
[2021.01.17-06.42.21:375][460]LogBlueprintUserMessages: [OutputSettingsPrimaryButtons] 336x336
[2021.01.17-06.42.21:375][460]LogBlueprintUserMessages: [Screen_0_1_HorizontalRight_C_2147482557] 336x336
[2021.01.17-06.42.21:375][460]LogBlueprintUserMessages: [OutputSettingsPrimaryButtons] 336x336
[2021.01.17-06.42.21:375][460]LogBlueprintUserMessages: [Screen_0_1_HorizontalRight_C_2147482557] 336x336
[2021.01.17-06.42.21:408][462]LogBlueprintUserMessages: [OutputSettingsPrimaryButtons] 336x336
[2021.01.17-06.42.21:408][462]LogBlueprintUserMessages: [Screen_0_1_HorizontalRight_C_2147482557] 336x336
[2021.01.17-06.42.21:423][463]LogBlueprintUserMessages: [OutputSettingsPrimaryButtons] 336x336
[2021.01.17-06.42.21:423][463]LogBlueprintUserMessages: [Screen_0_1_HorizontalRight_C_2147482557] 336x336
[2021.01.17-06.42.21:423][463]LogBlueprintUserMessages: [OutputSettingsPrimaryButtons] 336x336
[2021.01.17-06.42.21:423][463]LogBlueprintUserMessages: [Screen_0_1_HorizontalRight_C_2147482557] 336x336
[2021.01.17-06.42.21:439][464]LogBlueprintUserMessages: [OutputSettingsPrimaryButtons] 336x336
[2021.01.17-06.42.21:439][464]LogBlueprintUserMessages: [Screen_0_1_HorizontalRight_C_2147482557] 336x336
[2021.01.17-06.42.21:455][465]LogBlueprintUserMessages: [OutputSettingsPrimaryButtons] 336x336
[2021.01.17-06.42.21:455][465]LogBlueprintUserMessages: [Screen_0_1_HorizontalRight_C_2147482557] 336x336
[2021.01.17-06.42.21:455][465]LogBlueprintUserMessages: [OutputSettingsPrimaryButtons] 336x336
[2021.01.17-06.42.21:456][465]LogBlueprintUserMessages: [Screen_0_1_HorizontalRight_C_2147482557] 336x336
[2021.01.17-06.42.21:472][466]LogBlueprintUserMessages: [OutputSettingsPrimaryButtons] 336x336
[2021.01.17-06.42.21:472][466]LogBlueprintUserMessages: [Screen_0_1_HorizontalRight_C_2147482557] 336x336
[2021.01.17-06.42.21:488][467]LogBlueprintUserMessages: [OutputSettingsPrimaryButtons] 336x336
[2021.01.17-06.42.21:488][467]LogBlueprintUserMessages: [Screen_0_1_HorizontalRight_C_2147482557] 336x336
[2021.01.17-06.42.21:504][468]LogBlueprintUserMessages: [OutputSettingsPrimaryButtons] 336x336
[2021.01.17-06.42.21:504][468]LogBlueprintUserMessages: [Screen_0_1_HorizontalRight_C_2147482557] 336x336
[2021.01.17-06.42.21:521][469]LogBlueprintUserMessages: [OutputSettingsPrimaryButtons] 336x336
[2021.01.17-06.42.21:521][469]LogBlueprintUserMessages: [Screen_0_1_HorizontalRight_C_2147482557] 336x336
[2021.01.17-06.42.21:537][470]LogBlueprintUserMessages: [OutputSettingsPrimaryButtons] 336x336
[2021.01.17-06.42.21:537][470]LogBlueprintUserMessages: [Screen_0_1_HorizontalRight_C_2147482557] 336x336
[2021.01.17-06.42.21:553][471]LogBlueprintUserMessages: [OutputSettingsPrimaryButtons] 336x336
[2021.01.17-06.42.21:553][471]LogBlueprintUserMessages: [Screen_0_1_HorizontalRight_C_2147482557] 336x336
[2021.01.17-06.42.21:569][472]LogBlueprintUserMessages: [OutputSettingsPrimaryButtons] 336x336
[2021.01.17-06.42.21:569][472]LogBlueprintUserMessages: [Screen_0_1_HorizontalRight_C_2147482557] 336x336
[2021.01.17-06.42.21:585][473]LogBlueprintUserMessages: [OutputSettingsPrimaryButtons] 336x336
[2021.01.17-06.42.21:585][473]LogBlueprintUserMessages: [Screen_0_1_HorizontalRight_C_2147482557] 336x336
[2021.01.17-06.42.21:600][474]LogBlueprintUserMessages: [OutputSettingsPrimaryButtons] 336x336
[2021.01.17-06.42.21:600][474]LogBlueprintUserMessages: [Screen_0_1_HorizontalRight_C_2147482557] 336x336
[2021.01.17-06.42.21:601][474]LogBlueprintUserMessages: [OutputSettingsPrimaryButtons] 336x336
[2021.01.17-06.42.21:601][474]LogBlueprintUserMessages: [Screen_0_1_HorizontalRight_C_2147482557] 336x336
[2021.01.17-06.42.21:617][475]LogBlueprintUserMessages: [OutputSettingsPrimaryButtons] 336x336
[2021.01.17-06.42.21:617][475]LogBlueprintUserMessages: [Screen_0_1_HorizontalRight_C_2147482557] 336x336
[2021.01.17-06.42.21:617][475]LogBlueprintUserMessages: [OutputSettingsPrimaryButtons] 336x336
[2021.01.17-06.42.21:617][475]LogBlueprintUserMessages: [Screen_0_1_HorizontalRight_C_2147482557] 336x336
[2021.01.17-06.42.21:633][476]LogBlueprintUserMessages: [OutputSettingsPrimaryButtons] 336x336
[2021.01.17-06.42.21:633][476]LogBlueprintUserMessages: [Screen_0_1_HorizontalRight_C_2147482557] 336x336
[2021.01.17-06.42.21:633][476]LogBlueprintUserMessages: [OutputSettingsPrimaryButtons] 336x336
[2021.01.17-06.42.21:633][476]LogBlueprintUserMessages: [Screen_0_1_HorizontalRight_C_2147482557] 336x336
[2021.01.17-06.42.21:649][477]LogBlueprintUserMessages: [OutputSettingsPrimaryButtons] 336x336
[2021.01.17-06.42.21:649][477]LogBlueprintUserMessages: [Screen_0_1_HorizontalRight_C_2147482557] 336x336
[2021.01.17-06.42.21:649][477]LogBlueprintUserMessages: [OutputSettingsPrimaryButtons] 336x336
[2021.01.17-06.42.21:649][477]LogBlueprintUserMessages: [Screen_0_1_HorizontalRight_C_2147482557] 336x336
[2021.01.17-06.42.21:665][478]LogBlueprintUserMessages: [OutputSettingsPrimaryButtons] 336x336
[2021.01.17-06.42.21:665][478]LogBlueprintUserMessages: [Screen_0_1_HorizontalRight_C_2147482557] 336x336
[2021.01.17-06.42.21:665][478]LogBlueprintUserMessages: [OutputSettingsPrimaryButtons] 336x336
[2021.01.17-06.42.21:665][478]LogBlueprintUserMessages: [Screen_0_1_HorizontalRight_C_2147482557] 336x336
[2021.01.17-06.42.21:681][479]LogBlueprintUserMessages: [OutputSettingsPrimaryButtons] 336x336
[2021.01.17-06.42.21:681][479]LogBlueprintUserMessages: [Screen_0_1_HorizontalRight_C_2147482557] 336x336
[2021.01.17-06.42.21:681][479]LogBlueprintUserMessages: [OutputSettingsPrimaryButtons] 336x336
[2021.01.17-06.42.21:681][479]LogBlueprintUserMessages: [Screen_0_1_HorizontalRight_C_2147482557] 336x336
[2021.01.17-06.42.21:697][480]LogBlueprintUserMessages: [OutputSettingsPrimaryButtons] 336x336
[2021.01.17-06.42.21:698][480]LogBlueprintUserMessages: [Screen_0_1_HorizontalRight_C_2147482557] 336x336
[2021.01.17-06.42.21:698][480]LogBlueprintUserMessages: [OutputSettingsPrimaryButtons] 336x336
[2021.01.17-06.42.21:698][480]LogBlueprintUserMessages: [Screen_0_1_HorizontalRight_C_2147482557] 336x336
[2021.01.17-06.42.21:714][481]LogBlueprintUserMessages: [OutputSettingsPrimaryButtons] 336x336
[2021.01.17-06.42.21:714][481]LogBlueprintUserMessages: [Screen_0_1_HorizontalRight_C_2147482557] 336x336
[2021.01.17-06.42.21:714][481]LogBlueprintUserMessages: [OutputSettingsPrimaryButtons] 336x336
[2021.01.17-06.42.21:714][481]LogBlueprintUserMessages: [Screen_0_1_HorizontalRight_C_2147482557] 336x336
[2021.01.17-06.42.21:730][482]LogBlueprintUserMessages: [OutputSettingsPrimaryButtons] 336x336
[2021.01.17-06.42.21:730][482]LogBlueprintUserMessages: [Screen_0_1_HorizontalRight_C_2147482557] 336x336
[2021.01.17-06.42.21:730][482]LogBlueprintUserMessages: [OutputSettingsPrimaryButtons] 336x336
[2021.01.17-06.42.21:730][482]LogBlueprintUserMessages: [Screen_0_1_HorizontalRight_C_2147482557] 336x336
[2021.01.17-06.42.21:746][483]LogBlueprintUserMessages: [OutputSettingsPrimaryButtons] 336x336
[2021.01.17-06.42.21:746][483]LogBlueprintUserMessages: [Screen_0_1_HorizontalRight_C_2147482557] 336x336
[2021.01.17-06.42.21:746][483]LogBlueprintUserMessages: [OutputSettingsPrimaryButtons] 336x336
[2021.01.17-06.42.21:746][483]LogBlueprintUserMessages: [Screen_0_1_HorizontalRight_C_2147482557] 336x336
[2021.01.17-06.42.21:762][484]LogBlueprintUserMessages: [OutputSettingsPrimaryButtons] 336x336
[2021.01.17-06.42.21:762][484]LogBlueprintUserMessages: [Screen_0_1_HorizontalRight_C_2147482557] 336x336
[2021.01.17-06.42.21:762][484]LogBlueprintUserMessages: [OutputSettingsPrimaryButtons] 336x336
[2021.01.17-06.42.21:762][484]LogBlueprintUserMessages: [Screen_0_1_HorizontalRight_C_2147482557] 336x336
[2021.01.17-06.42.21:778][485]LogBlueprintUserMessages: [OutputSettingsPrimaryButtons] 336x336
[2021.01.17-06.42.21:778][485]LogBlueprintUserMessages: [Screen_0_1_HorizontalRight_C_2147482557] 336x336
[2021.01.17-06.42.21:778][485]LogBlueprintUserMessages: [OutputSettingsPrimaryButtons] 336x336
[2021.01.17-06.42.21:778][485]LogBlueprintUserMessages: [Screen_0_1_HorizontalRight_C_2147482557] 336x336
[2021.01.17-06.42.21:795][486]LogBlueprintUserMessages: [OutputSettingsPrimaryButtons] 336x336
[2021.01.17-06.42.21:795][486]LogBlueprintUserMessages: [Screen_0_1_HorizontalRight_C_2147482557] 336x336
[2021.01.17-06.42.21:795][486]LogBlueprintUserMessages: [OutputSettingsPrimaryButtons] 336x336
[2021.01.17-06.42.21:795][486]LogBlueprintUserMessages: [Screen_0_1_HorizontalRight_C_2147482557] 336x336
[2021.01.17-06.42.21:811][487]LogBlueprintUserMessages: [OutputSettingsPrimaryButtons] 336x336
[2021.01.17-06.42.21:811][487]LogBlueprintUserMessages: [Screen_0_1_HorizontalRight_C_2147482557] 336x336
[2021.01.17-06.42.21:811][487]LogBlueprintUserMessages: [OutputSettingsPrimaryButtons] 336x336
[2021.01.17-06.42.21:811][487]LogBlueprintUserMessages: [Screen_0_1_HorizontalRight_C_2147482557] 336x336
[2021.01.17-06.42.21:827][488]LogBlueprintUserMessages: [OutputSettingsPrimaryButtons] 336x336
[2021.01.17-06.42.21:827][488]LogBlueprintUserMessages: [Screen_0_1_HorizontalRight_C_2147482557] 336x336
[2021.01.17-06.42.21:827][488]LogBlueprintUserMessages: [OutputSettingsPrimaryButtons] 336x336
[2021.01.17-06.42.21:827][488]LogBlueprintUserMessages: [Screen_0_1_HorizontalRight_C_2147482557] 336x336
[2021.01.17-06.42.21:843][489]LogBlueprintUserMessages: [OutputSettingsPrimaryButtons] 336x336
[2021.01.17-06.42.21:843][489]LogBlueprintUserMessages: [Screen_0_1_HorizontalRight_C_2147482557] 336x336
[2021.01.17-06.42.25:698][728]LogSlate: Request Window 'DontPanicV012 (64-bit Development PCD3D_SM5) ' being destroyed
[2021.01.17-06.42.25:701][728]LogSlate: Window 'DontPanicV012 (64-bit Development PCD3D_SM5) ' being destroyed
[2021.01.17-06.42.25:702][728]LogWindowsTextInputMethodSystem: Display: IME system now deactivated.
[2021.01.17-06.42.25:706][728]LogSlate: Updating window title bar state: overlay mode, drag disabled, window buttons hidden, title bar hidden
[2021.01.17-06.42.25:706][728]LogEngine: All Windows Closed
[2021.01.17-06.42.25:706][728]LogWindows: FPlatformMisc::RequestExit(0)
[2021.01.17-06.42.25:722][729]LogWorld: BeginTearingDown for /Game/InitLevel
[2021.01.17-06.42.25:722][729]LogWorld: UWorld::CleanupWorld for InitLevel, bSessionEnded=true, bCleanupResources=true
[2021.01.17-06.42.26:113][729]LogSlate: Slate User Destroyed.  User Index 0, Is Virtual User: 0
[2021.01.17-06.42.26:113][729]LogExit: Preparing to exit.
[2021.01.17-06.42.26:113][729]LogMoviePlayer: Shutting down movie player
[2021.01.17-06.42.26:119][729]LogSlate: Updating window title bar state: overlay mode, drag disabled, window buttons hidden, title bar hidden
[2021.01.17-06.42.26:129][729]LogDemo: Cleaned up 0 splitscreen connections with owner deletion
[2021.01.17-06.42.26:130][729]LogExit: Game engine shut down
[2021.01.17-06.42.26:195][729]LogExit: Object subsystem successfully closed.
[2021.01.17-06.42.26:211][729]LogModuleManager: Shutting down and abandoning module AutomationController (199)
[2021.01.17-06.42.26:211][729]LogModuleManager: Shutting down and abandoning module AutomationWorker (197)
[2021.01.17-06.42.26:211][729]LogModuleManager: Shutting down and abandoning module Voice (195)
[2021.01.17-06.42.26:211][729]LogModuleManager: Shutting down and abandoning module AIModule (193)
[2021.01.17-06.42.26:211][729]LogModuleManager: Shutting down and abandoning module GameplayDebugger (192)
[2021.01.17-06.42.26:211][729]LogModuleManager: Shutting down and abandoning module NavigationSystem (190)
[2021.01.17-06.42.26:211][729]LogModuleManager: Shutting down and abandoning module WebMMediaFactory (187)
[2021.01.17-06.42.26:211][729]LogModuleManager: Shutting down and abandoning module WebMMedia (185)
[2021.01.17-06.42.26:211][729]LogModuleManager: Shutting down and abandoning module OpenExrWrapper (183)
[2021.01.17-06.42.26:211][729]LogModuleManager: Shutting down and abandoning module ImgMediaFactory (181)
[2021.01.17-06.42.26:211][729]LogModuleManager: Shutting down and abandoning module AvfMediaFactory (179)
[2021.01.17-06.42.26:211][729]LogModuleManager: Shutting down and abandoning module WmfMediaFactory (177)
[2021.01.17-06.42.26:211][729]LogModuleManager: Shutting down and abandoning module HAPMedia (175)
[2021.01.17-06.42.26:211][729]LogModuleManager: Shutting down and abandoning module SessionServices (173)
[2021.01.17-06.42.26:211][729]LogModuleManager: Shutting down and abandoning module LiveCoding (171)
[2021.01.17-06.42.26:212][729]LogModuleManager: Shutting down and abandoning module LevelSequence (169)
[2021.01.17-06.42.26:212][729]LogModuleManager: Shutting down and abandoning module MovieSceneTracks (167)
[2021.01.17-06.42.26:212][729]LogModuleManager: Shutting down and abandoning module MovieScene (165)
[2021.01.17-06.42.26:212][729]LogModuleManager: Shutting down and abandoning module StreamingPauseRendering (163)
[2021.01.17-06.42.26:212][729]LogModuleManager: Shutting down and abandoning module ImageWriteQueue (161)
[2021.01.17-06.42.26:212][729]LogModuleManager: Shutting down and abandoning module ProfilerService (159)
[2021.01.17-06.42.26:416][729]LogModuleManager: Shutting down and abandoning module TaskGraph (157)
[2021.01.17-06.42.26:416][729]LogModuleManager: Shutting down and abandoning module EditableMesh (155)
[2021.01.17-06.42.26:416][729]LogModuleManager: Shutting down and abandoning module ImgMedia (153)
[2021.01.17-06.42.26:416][729]LogModuleManager: Shutting down and abandoning module BackChannel (151)
[2021.01.17-06.42.26:416][729]LogModuleManager: Shutting down and abandoning module MediaIOCore (149)
[2021.01.17-06.42.26:416][729]LogModuleManager: Shutting down and abandoning module MediaFrameworkUtilities (147)
[2021.01.17-06.42.26:416][729]LogModuleManager: Shutting down and abandoning module EasyMultiSave (145)
[2021.01.17-06.42.26:416][729]LogModuleManager: Shutting down and abandoning module MeshSolverUtilities (143)
[2021.01.17-06.42.26:416][729]LogModuleManager: Shutting down and abandoning module MeshConversion (141)
[2021.01.17-06.42.26:417][729]LogModuleManager: Shutting down and abandoning module DynamicMesh (139)
[2021.01.17-06.42.26:417][729]LogModuleManager: Shutting down and abandoning module GeometryAlgorithms (137)
[2021.01.17-06.42.26:417][729]LogModuleManager: Shutting down and abandoning module GeometricObjects (135)
[2021.01.17-06.42.26:417][729]LogModuleManager: Shutting down and abandoning module HoudiniNiagara (133)
[2021.01.17-06.42.26:417][729]LogModuleManager: Shutting down and abandoning module DontPanicV012 (131)
[2021.01.17-06.42.26:417][729]LogModuleManager: Shutting down and abandoning module ActorSequence (129)
[2021.01.17-06.42.26:417][729]LogModuleManager: Shutting down and abandoning module UdpMessaging (127)
[2021.01.17-06.42.26:417][729]LogModuleManager: Shutting down and abandoning module TcpMessaging (125)
[2021.01.17-06.42.26:417][729]LogModuleManager: Shutting down and abandoning module SignificanceManager (123)
[2021.01.17-06.42.26:417][729]LogModuleManager: Shutting down and abandoning module AnimationSharing (121)
[2021.01.17-06.42.26:417][729]LogModuleManager: Shutting down and abandoning module Paper2D (119)
[2021.01.17-06.42.26:417][729]LogModuleManager: Shutting down and abandoning module ApexDestruction (117)
[2021.01.17-06.42.26:417][729]LogModuleManager: Shutting down and abandoning module VictoryBPLibrary (115)
[2021.01.17-06.42.26:417][729]LogModuleManager: Shutting down and abandoning module NiagaraAnimNotifies (113)
[2021.01.17-06.42.26:417][729]LogModuleManager: Shutting down and abandoning module Niagara (111)
[2021.01.17-06.42.26:417][729]LogModuleManager: Shutting down and abandoning module NiagaraCore (109)
[2021.01.17-06.42.26:417][729]LogModuleManager: Shutting down and abandoning module WindowsMoviePlayer (107)
[2021.01.17-06.42.26:418][729]LogModuleManager: Shutting down and abandoning module WebMMoviePlayer (105)
[2021.01.17-06.42.26:418][729]LogModuleManager: Shutting down and abandoning module NetworkReplayStreaming (103)
[2021.01.17-06.42.26:418][729]LogModuleManager: Shutting down and abandoning module PacketHandler (101)
[2021.01.17-06.42.26:418][729]LogModuleManager: Shutting down and abandoning module ClothingSystemRuntime (99)
[2021.01.17-06.42.26:419][729]LogModuleManager: Shutting down and abandoning module MediaAssets (97)
[2021.01.17-06.42.26:419][729]LogModuleManager: Shutting down and abandoning module Overlay (95)
[2021.01.17-06.42.26:419][729]LogModuleManager: Shutting down and abandoning module UMG (93)
[2021.01.17-06.42.26:419][729]LogModuleManager: Shutting down and abandoning module SlateReflector (91)
[2021.01.17-06.42.26:419][729]LogModuleManager: Shutting down and abandoning module Slate (89)
[2021.01.17-06.42.26:419][729]LogModuleManager: Shutting down and abandoning module MRMesh (87)
[2021.01.17-06.42.26:419][729]LogModuleManager: Shutting down and abandoning module Messaging (85)
[2021.01.17-06.42.26:419][729]LogModuleManager: Shutting down and abandoning module HeadMountedDisplay (83)
[2021.01.17-06.42.26:419][729]LogModuleManager: Shutting down and abandoning module XAudio2 (81)
[2021.01.17-06.42.26:419][729]LogModuleManager: Shutting down and abandoning module Networking (79)
[2021.01.17-06.42.26:419][729]LogModuleManager: Shutting down and abandoning module Core (77)
[2021.01.17-06.42.26:419][729]LogModuleManager: Shutting down and abandoning module ImageWrapper (73)
[2021.01.17-06.42.26:419][729]LogModuleManager: Shutting down and abandoning module InputCore (71)
[2021.01.17-06.42.26:419][729]LogModuleManager: Shutting down and abandoning module PhysXCooking (69)
[2021.01.17-06.42.26:419][729]LogModuleManager: Shutting down and abandoning module WindowsPlatformFeatures (67)
[2021.01.17-06.42.26:419][729]LogModuleManager: Shutting down and abandoning module GameplayMediaEncoder (66)
[2021.01.17-06.42.26:419][729]LogModuleManager: Shutting down and abandoning module OnlineSubsystem (60)
[2021.01.17-06.42.26:419][729]LogModuleManager: Shutting down and abandoning module HTTP (55)
[2021.01.17-06.42.26:430][729]LogModuleManager: Shutting down and abandoning module SSL (54)
[2021.01.17-06.42.26:430][729]LogModuleManager: Shutting down and abandoning module OpenCVHelper (50)
[2021.01.17-06.42.26:434][729]LogModuleManager: Shutting down and abandoning module OpenCVLensDistortion (48)
[2021.01.17-06.42.26:434][729]LogModuleManager: Shutting down and abandoning module OpenCVLensCalibration (46)
[2021.01.17-06.42.26:434][729]LogModuleManager: Shutting down and abandoning module WindowsDeviceProfileSelector (44)
[2021.01.17-06.42.26:434][729]LogModuleManager: Shutting down and abandoning module WmfMedia (42)
[2021.01.17-06.42.26:435][729]LogModuleManager: Shutting down and abandoning module Media (41)
[2021.01.17-06.42.26:435][729]LogModuleManager: Shutting down and abandoning module NiagaraVertexFactories (38)
[2021.01.17-06.42.26:435][729]LogModuleManager: Shutting down and abandoning module NiagaraShader (36)
[2021.01.17-06.42.26:435][729]LogModuleManager: Shutting down and abandoning module PlatformCryptoOpenSSL (34)
[2021.01.17-06.42.26:435][729]LogModuleManager: Shutting down and abandoning module PlatformCrypto (32)
[2021.01.17-06.42.26:435][729]LogModuleManager: Shutting down and abandoning module RenderCore (30)
[2021.01.17-06.42.26:435][729]LogModuleManager: Shutting down and abandoning module Landscape (28)
[2021.01.17-06.42.26:435][729]LogModuleManager: Shutting down and abandoning module SlateRHIRenderer (26)
[2021.01.17-06.42.26:436][729]LogModuleManager: Shutting down and abandoning module OpenGLDrv (24)
[2021.01.17-06.42.26:436][729]LogModuleManager: Shutting down and abandoning module D3D11RHI (22)
[2021.01.17-06.42.26:436][729]LogModuleManager: Shutting down and abandoning module AnimGraphRuntime (20)
[2021.01.17-06.42.26:436][729]LogModuleManager: Shutting down and abandoning module Renderer (18)
[2021.01.17-06.42.26:436][729]LogModuleManager: Shutting down and abandoning module Engine (16)
[2021.01.17-06.42.26:436][729]LogModuleManager: Shutting down and abandoning module CoreUObject (14)
[2021.01.17-06.42.26:436][729]LogModuleManager: Shutting down and abandoning module NetworkFile (12)
[2021.01.17-06.42.26:436][729]LogModuleManager: Shutting down and abandoning module CookedIterativeFile (10)
[2021.01.17-06.42.26:436][729]LogModuleManager: Shutting down and abandoning module StreamingFile (8)
[2021.01.17-06.42.26:436][729]LogModuleManager: Shutting down and abandoning module SandboxFile (6)
[2021.01.17-06.42.26:436][729]LogModuleManager: Shutting down and abandoning module PakFile (4)
[2021.01.17-06.42.26:437][729]LogModuleManager: Shutting down and abandoning module RSA (3)
[2021.01.17-06.42.26:438][729]LogD3D11RHI: Shutdown
[2021.01.17-06.42.26:438][729]LogD3D11RHI: CleanupD3DDevice
[2021.01.17-06.42.26:438][729]LogRendererCore: FGlobalDynamicReadBuffer::Cleanup()
[2021.01.17-06.42.26:438][729]LogRendererCore: FGlobalDynamicReadBuffer::Cleanup()
[2021.01.17-06.42.26:438][729]LogRendererCore: FGlobalDynamicReadBuffer::Cleanup()
[2021.01.17-06.42.26:439][729]LogD3D11RHI: ~FD3D11DynamicRHI
[2021.01.17-06.42.26:444][729]LogExit: Exiting.
[2021.01.17-06.42.26:450][729]Log file closed, 01/16/21 22:42:26
